;  LST file generated by mikroListExporter - v.2.0 
; Date/Time: 21/02/2026 22:11:28
;----------------------------------------------

;Address Opcode 	ASM
0x0000	0xF000EF0E  	GOTO        28
0x0004	0x0000      	NOP
0x0006	0x0000      	NOP
0x0008	0xF000EF00  	GOTO        0
0x000C	0x0000      	NOP
0x000E	0x0000      	NOP
0x0010	0x0000      	NOP
0x0012	0x0000      	NOP
0x0014	0x0000      	NOP
0x0016	0x0000      	NOP
0x0018	0xD7F3      	BRA         0
_main:
;p1b.c,1 :: 		void main(){
;p1b.c,2 :: 		unsigned short leds[9] = {0x00,0x01,0x03,0x07,0x0F,0x1F,0x3F,0x7F,0xFF};
0x001C	0x6A15      	CLRF        main_leds_L0 
0x001E	0x0E01      	MOVLW       1
0x0020	0x6E16      	MOVWF       main_leds_L0+1 
0x0022	0x0E03      	MOVLW       3
0x0024	0x6E17      	MOVWF       main_leds_L0+2 
0x0026	0x0E07      	MOVLW       7
0x0028	0x6E18      	MOVWF       main_leds_L0+3 
0x002A	0x0E0F      	MOVLW       15
0x002C	0x6E19      	MOVWF       main_leds_L0+4 
0x002E	0x0E1F      	MOVLW       31
0x0030	0x6E1A      	MOVWF       main_leds_L0+5 
0x0032	0x0E3F      	MOVLW       63
0x0034	0x6E1B      	MOVWF       main_leds_L0+6 
0x0036	0x0E7F      	MOVLW       127
0x0038	0x6E1C      	MOVWF       main_leds_L0+7 
0x003A	0x0EFF      	MOVLW       255
0x003C	0x6E1D      	MOVWF       main_leds_L0+8 
0x003E	0x6A1E      	CLRF        main_i_L0 
0x0040	0x6A1F      	CLRF        main_i_L0+1 
;p1b.c,5 :: 		ADCON1 = 0x07; // Configurar las salidas como digitales
0x0042	0x0E07      	MOVLW       7
0x0044	0x6EC1      	MOVWF       ADCON1 
;p1b.c,7 :: 		TRISC = 0x00; // 0 es salida y 1 es entrada
0x0046	0x6A94      	CLRF        TRISC 
;p1b.c,9 :: 		PORTC = 0x00; // Enciende o apaga los pines (0 apagar, 1 encender) o comprobar estados PORTC == 0x00
0x0048	0x6A82      	CLRF        PORTC 
;p1b.c,11 :: 		while(1){
L_main0:
;p1b.c,13 :: 		PORTC = leds[i];
0x004A	0x0E15      	MOVLW       main_leds_L0
0x004C	0x241E      	ADDWF       main_i_L0, 0 
0x004E	0x6EE9      	MOVWF       FSR0L 
0x0050	0x0E00      	MOVLW       hi_addr(main_leds_L0)
0x0052	0x201F      	ADDWFC      main_i_L0+1, 0 
0x0054	0x6EEA      	MOVWF       FSR0L+1 
0x0056	0xFF82CFEE  	MOVFF       POSTINC0, PORTC
;p1b.c,15 :: 		i++;
0x005A	0x4A1E      	INFSNZ      main_i_L0, 1 
0x005C	0x2A1F      	INCF        main_i_L0+1, 1 
;p1b.c,16 :: 		if(i >= 9){
0x005E	0x0E80      	MOVLW       128
0x0060	0x181F      	XORWF       main_i_L0+1, 0 
0x0062	0x6E00      	MOVWF       R0 
0x0064	0x0E80      	MOVLW       128
0x0066	0x5C00      	SUBWF       R0, 0 
0x0068	0xE102      	BNZ         L__main5
0x006A	0x0E09      	MOVLW       9
0x006C	0x5C1E      	SUBWF       main_i_L0, 0 
L__main5:
0x006E	0xE302      	BNC         L_main2
;p1b.c,17 :: 		i = 0;
0x0070	0x6A1E      	CLRF        main_i_L0 
0x0072	0x6A1F      	CLRF        main_i_L0+1 
;p1b.c,18 :: 		}
L_main2:
;p1b.c,19 :: 		delay_ms(100);
0x0074	0x0E02      	MOVLW       2
0x0076	0x6E0B      	MOVWF       R11, 0
0x0078	0x0E04      	MOVLW       4
0x007A	0x6E0C      	MOVWF       R12, 0
0x007C	0x0EBA      	MOVLW       186
0x007E	0x6E0D      	MOVWF       R13, 0
L_main3:
0x0080	0x2E0D      	DECFSZ      R13, 1, 0
0x0082	0xD7FE      	BRA         L_main3
0x0084	0x2E0C      	DECFSZ      R12, 1, 0
0x0086	0xD7FC      	BRA         L_main3
0x0088	0x2E0B      	DECFSZ      R11, 1, 0
0x008A	0xD7FA      	BRA         L_main3
0x008C	0x0000      	NOP
;p1b.c,20 :: 		}
0x008E	0xD7DD      	BRA         L_main0
;p1b.c,21 :: 		}
L_end_main:
0x0090	0xD7FF      	BRA         $+0
; end of _main
Symbol List:
//** Routines locations **
//ADDRESS    SIZE    PROCEDURE
//----------------------------------------------
0x001C     [118]    _main
//** Variables locations ** 
//ADDRESS    SIZE    VARIABLE
//----------------------------------------------
0x0000       [1]    R0
0x0001       [1]    R1
0x0002       [1]    R2
0x0003       [1]    R3
0x0004       [1]    R4
0x0005       [1]    R5
0x0006       [1]    R6
0x0007       [1]    R7
0x0008       [1]    R8
0x0009       [1]    R9
0x000A       [1]    R10
0x000B       [1]    R11
0x000C       [1]    R12
0x000D       [1]    R13
0x000E       [1]    R14
0x000F       [1]    R15
0x0010       [1]    R16
0x0011       [1]    R17
0x0012       [1]    R18
0x0013       [1]    R19
0x0014       [1]    R20
0x0015       [9]    main_leds_L0
0x001E       [2]    main_i_L0
0x0F82       [1]    PORTC
0x0F94       [1]    TRISC
0x0FC1       [1]    ADCON1
0x0FD8       [1]    STATUS
0x0FD9       [1]    FSR2L
0x0FDA       [1]    FSR2H
0x0FDE       [1]    POSTINC2
0x0FE0       [1]    BSR
0x0FE1       [1]    FSR1L
0x0FE2       [1]    FSR1H
0x0FE4       [1]    PREINC1
0x0FE6       [1]    POSTINC1
0x0FE7       [1]    INDF1
0x0FE8       [1]    WREG
0x0FE9       [1]    FSR0L
0x0FEA       [1]    FSR0H
0x0FEE       [1]    POSTINC0
0x0FF3       [1]    PRODL
0x0FF4       [1]    PRODH
0x0FF5       [1]    TABLAT
0x0FF6       [1]    TBLPTRL
0x0FF7       [1]    TBLPTRH
0x0FF8       [1]    TBLPTRU
