;  LST file generated by mikroListExporter - v.2.0 
; Date/Time: 03/02/2026 20:30:23
;----------------------------------------------

;Address Opcode 	ASM
0x0000	0xF000EF16  	GOTO        44
0x0004	0x0000      	NOP
0x0006	0x0000      	NOP
0x0008	0xF000EF00  	GOTO        0
0x000C	0x0000      	NOP
0x000E	0x0000      	NOP
0x0010	0x0000      	NOP
0x0012	0x0000      	NOP
0x0014	0x0000      	NOP
0x0016	0x0000      	NOP
0x0018	0xD7F3      	BRA         0
___CC2DW:
;__Lib_System.c,21 :: 		
;__Lib_System.c,23 :: 		
_CC2DL_Loop1:
;__Lib_System.c,24 :: 		
0x001C	0x0009      	TBLRD*+
;__Lib_System.c,25 :: 		
0x001E	0xFFE6CFF5  	MOVFF       TABLAT, POSTINC1
;__Lib_System.c,26 :: 		
0x0022	0x0600      	DECF        R0, 1, 0
;__Lib_System.c,27 :: 		
0x0024	0xE1FB      	BNZ         _CC2DL_Loop1
;__Lib_System.c,28 :: 		
0x0026	0x0601      	DECF        R1, 1, 0
;__Lib_System.c,29 :: 		
0x0028	0xE1F9      	BNZ         _CC2DL_Loop1
;__Lib_System.c,31 :: 		
L_end___CC2DW:
0x002A	0x0012      	RETURN      0
; end of ___CC2DW
_main:
;p1c.c,1 :: 		void main() {
;p1c.c,3 :: 		int LEDS[] = {0xFE, 0xFD, 0xFB, 0xF7, 0xEF, 0xDF, 0xBF, 0x7F};
0x002C	0x0ECC      	MOVLW       ?ICSmain_LEDS_L0
0x002E	0x6EF6      	MOVWF       TBLPTRL 
0x0030	0x0E00      	MOVLW       hi_addr(?ICSmain_LEDS_L0)
0x0032	0x6EF7      	MOVWF       TBLPTRL+1 
0x0034	0x0E00      	MOVLW       higher_addr(?ICSmain_LEDS_L0)
0x0036	0x6EF8      	MOVWF       TBLPTRL+2 
0x0038	0x0E15      	MOVLW       main_LEDS_L0
0x003A	0x6EE1      	MOVWF       FSR1L 
0x003C	0x0E00      	MOVLW       hi_addr(main_LEDS_L0)
0x003E	0x6EE2      	MOVWF       FSR1L+1 
0x0040	0x0E12      	MOVLW       18
0x0042	0x6E00      	MOVWF       R0 
0x0044	0x0E01      	MOVLW       1
0x0046	0x6E01      	MOVWF       R1 
0x0048	0xDFE9      	RCALL       ___CC2DW
;p1c.c,6 :: 		ADCON1 = 0x07;
0x004A	0x0E07      	MOVLW       7
0x004C	0x6EC1      	MOVWF       ADCON1 
;p1c.c,8 :: 		TRISC = 0x00;
0x004E	0x6A94      	CLRF        TRISC 
;p1c.c,10 :: 		TRISB.B3 = 1;
0x0050	0x8693      	BSF         TRISB, 3 
;p1c.c,12 :: 		PORTC = 0xFF;
0x0052	0x0EFF      	MOVLW       255
0x0054	0x6E82      	MOVWF       PORTC 
;p1c.c,14 :: 		while(1){
L_main0:
;p1c.c,16 :: 		if(PORTB.B3 == 1){
0x0056	0xA681      	BTFSS       PORTB, 3 
0x0058	0xD02A      	BRA         L_main2
;p1c.c,18 :: 		PORTC = LEDS[i];
0x005A	0xF000C025  	MOVFF       main_i_L0, R0
0x005E	0xF001C026  	MOVFF       main_i_L0+1, R1
0x0062	0x3600      	RLCF        R0, 1 
0x0064	0x9000      	BCF         R0, 0 
0x0066	0x3601      	RLCF        R1, 1 
0x0068	0x0E15      	MOVLW       main_LEDS_L0
0x006A	0x2400      	ADDWF       R0, 0 
0x006C	0x6EE9      	MOVWF       FSR0L 
0x006E	0x0E00      	MOVLW       hi_addr(main_LEDS_L0)
0x0070	0x2001      	ADDWFC      R1, 0 
0x0072	0x6EEA      	MOVWF       FSR0L+1 
0x0074	0xFF82CFEE  	MOVFF       POSTINC0, PORTC
;p1c.c,19 :: 		delay_ms(100);
0x0078	0x0E02      	MOVLW       2
0x007A	0x6E0B      	MOVWF       R11, 0
0x007C	0x0E04      	MOVLW       4
0x007E	0x6E0C      	MOVWF       R12, 0
0x0080	0x0EBA      	MOVLW       186
0x0082	0x6E0D      	MOVWF       R13, 0
L_main3:
0x0084	0x2E0D      	DECFSZ      R13, 1, 0
0x0086	0xD7FE      	BRA         L_main3
0x0088	0x2E0C      	DECFSZ      R12, 1, 0
0x008A	0xD7FC      	BRA         L_main3
0x008C	0x2E0B      	DECFSZ      R11, 1, 0
0x008E	0xD7FA      	BRA         L_main3
0x0090	0x0000      	NOP
;p1c.c,20 :: 		i++;
0x0092	0x4A25      	INFSNZ      main_i_L0, 1 
0x0094	0x2A26      	INCF        main_i_L0+1, 1 
;p1c.c,22 :: 		if(i >= 8){
0x0096	0x0E80      	MOVLW       128
0x0098	0x1826      	XORWF       main_i_L0+1, 0 
0x009A	0x6E00      	MOVWF       R0 
0x009C	0x0E80      	MOVLW       128
0x009E	0x5C00      	SUBWF       R0, 0 
0x00A0	0xE102      	BNZ         L__main8
0x00A2	0x0E08      	MOVLW       8
0x00A4	0x5C25      	SUBWF       main_i_L0, 0 
L__main8:
0x00A6	0xE302      	BNC         L_main4
;p1c.c,23 :: 		i = 0;
0x00A8	0x6A25      	CLRF        main_i_L0 
0x00AA	0x6A26      	CLRF        main_i_L0+1 
;p1c.c,24 :: 		}
L_main4:
;p1c.c,25 :: 		}else{
0x00AC	0xD00D      	BRA         L_main5
L_main2:
;p1c.c,26 :: 		PORTC = 0xFF;
0x00AE	0x0EFF      	MOVLW       255
0x00B0	0x6E82      	MOVWF       PORTC 
;p1c.c,27 :: 		i = 0;
0x00B2	0x6A25      	CLRF        main_i_L0 
0x00B4	0x6A26      	CLRF        main_i_L0+1 
;p1c.c,28 :: 		delay_ms(10);
0x00B6	0x0E1A      	MOVLW       26
0x00B8	0x6E0C      	MOVWF       R12, 0
0x00BA	0x0EF8      	MOVLW       248
0x00BC	0x6E0D      	MOVWF       R13, 0
L_main6:
0x00BE	0x2E0D      	DECFSZ      R13, 1, 0
0x00C0	0xD7FE      	BRA         L_main6
0x00C2	0x2E0C      	DECFSZ      R12, 1, 0
0x00C4	0xD7FC      	BRA         L_main6
0x00C6	0x0000      	NOP
;p1c.c,29 :: 		}
L_main5:
;p1c.c,31 :: 		}
0x00C8	0xD7C6      	BRA         L_main0
;p1c.c,34 :: 		}
L_end_main:
0x00CA	0xD7FF      	BRA         $+0
; end of _main
;p1c.c,0 :: ?ICSmain_LEDS_L0
0x00CC	0x00FE ;?ICSmain_LEDS_L0+0
0x00CE	0x00FD ;?ICSmain_LEDS_L0+2
0x00D0	0x00FB ;?ICSmain_LEDS_L0+4
0x00D2	0x00F7 ;?ICSmain_LEDS_L0+6
0x00D4	0x00EF ;?ICSmain_LEDS_L0+8
0x00D6	0x00DF ;?ICSmain_LEDS_L0+10
0x00D8	0x00BF ;?ICSmain_LEDS_L0+12
0x00DA	0x007F ;?ICSmain_LEDS_L0+14
; end of ?ICSmain_LEDS_L0
;p1c.c,0 :: ?ICSmain_i_L0
0x00DC	0x0000 ;?ICSmain_i_L0+0
; end of ?ICSmain_i_L0
Symbol List:
//** Routines locations **
//ADDRESS    SIZE    PROCEDURE
//----------------------------------------------
0x001C      [16]    ___CC2DW
0x002C     [160]    _main
//** Variables locations ** 
//ADDRESS    SIZE    VARIABLE
//----------------------------------------------
0x0000       [1]    R0
0x0001       [1]    R1
0x0002       [1]    R2
0x0003       [1]    R3
0x0004       [1]    R4
0x0005       [1]    R5
0x0006       [1]    R6
0x0007       [1]    R7
0x0008       [1]    R8
0x0009       [1]    R9
0x000A       [1]    R10
0x000B       [1]    R11
0x000C       [1]    R12
0x000D       [1]    R13
0x000E       [1]    R14
0x000F       [1]    R15
0x0010       [1]    R16
0x0011       [1]    R17
0x0012       [1]    R18
0x0013       [1]    R19
0x0014       [1]    R20
0x0015      [16]    main_LEDS_L0
0x0025       [2]    main_i_L0
0x0F81       [1]    PORTB
0x0F82       [1]    PORTC
0x0F93       [1]    TRISB
0x0F94       [1]    TRISC
0x0FC1       [1]    ADCON1
0x0FD8       [1]    STATUS
0x0FD9       [1]    FSR2L
0x0FDA       [1]    FSR2H
0x0FDE       [1]    POSTINC2
0x0FE0       [1]    BSR
0x0FE1       [1]    FSR1L
0x0FE2       [1]    FSR1H
0x0FE4       [1]    PREINC1
0x0FE6       [1]    POSTINC1
0x0FE7       [1]    INDF1
0x0FE8       [1]    WREG
0x0FE9       [1]    FSR0L
0x0FEA       [1]    FSR0H
0x0FEE       [1]    POSTINC0
0x0FF3       [1]    PRODL
0x0FF4       [1]    PRODH
0x0FF5       [1]    TABLAT
0x0FF6       [1]    TBLPTRL
0x0FF7       [1]    TBLPTRH
0x0FF8       [1]    TBLPTRU
//** Constants locations ** 
//ADDRESS    SIZE    CONSTANT
//----------------------------------------------
0x00CC      [16]    ?ICSmain_LEDS_L0
0x00DC       [2]    ?ICSmain_i_L0
