;  LST file generated by mikroListExporter - v.2.0 
; Date/Time: 27/03/2026 18:17:33
;----------------------------------------------

;Address Opcode 	ASM
0x0000	0xF000EF3D  	GOTO        122
_interrupt:
;p5c.c,5 :: 		void interrupt(){
0x0008	0xF015C000  	MOVFF       R0, 21
;p5c.c,8 :: 		if(lock == false){
0x000C	0x5016      	MOVF        _lock, 0 
0x000E	0x0A00      	XORLW       0
0x0010	0xE120      	BNZ         L_interrupt0
;p5c.c,11 :: 		if(INTCON.INT0IF == 1 && INTCON.INT0IE == 1 && PORTB.B0 == 1){
0x0012	0xA2F2      	BTFSS       INTCON, 1 
0x0014	0xD00E      	BRA         L_interrupt3
0x0016	0xA8F2      	BTFSS       INTCON, 4 
0x0018	0xD00C      	BRA         L_interrupt3
0x001A	0xA081      	BTFSS       PORTB, 0 
0x001C	0xD00A      	BRA         L_interrupt3
L__interrupt11:
;p5c.c,12 :: 		PORTC.B0 = 1;
0x001E	0x8082      	BSF         PORTC, 0 
;p5c.c,15 :: 		T0CON.TMR0ON = 1;
0x0020	0x8ED5      	BSF         T0CON, 7 
;p5c.c,16 :: 		TMR0H = (18661 >> 8);
0x0022	0x0E48      	MOVLW       72
0x0024	0x6ED7      	MOVWF       TMR0H 
;p5c.c,17 :: 		TMR0L = 18661;
0x0026	0x0EE5      	MOVLW       229
0x0028	0x6ED6      	MOVWF       TMR0L 
;p5c.c,20 :: 		lock = true;
0x002A	0x0E01      	MOVLW       1
0x002C	0x6E16      	MOVWF       _lock 
;p5c.c,21 :: 		INTCON.INT0IF = 0;
0x002E	0x92F2      	BCF         INTCON, 1 
;p5c.c,22 :: 		INTCON.INT0IE = 0;
0x0030	0x98F2      	BCF         INTCON, 4 
;p5c.c,24 :: 		}
L_interrupt3:
;p5c.c,27 :: 		if(INTCON3.INT1IF == 1 && INTCON3.INT1IE == 1 && PORTB.B1 == 1){
0x0032	0xA0F0      	BTFSS       INTCON3, 0 
0x0034	0xD00E      	BRA         L_interrupt6
0x0036	0xA6F0      	BTFSS       INTCON3, 3 
0x0038	0xD00C      	BRA         L_interrupt6
0x003A	0xA281      	BTFSS       PORTB, 1 
0x003C	0xD00A      	BRA         L_interrupt6
L__interrupt10:
;p5c.c,28 :: 		PORTC.B7 = 1;
0x003E	0x8E82      	BSF         PORTC, 7 
;p5c.c,31 :: 		T0CON.TMR0ON = 1;
0x0040	0x8ED5      	BSF         T0CON, 7 
;p5c.c,32 :: 		TMR0H = (3036 >> 8);
0x0042	0x0E0B      	MOVLW       11
0x0044	0x6ED7      	MOVWF       TMR0H 
;p5c.c,33 :: 		TMR0L = 3036;
0x0046	0x0EDC      	MOVLW       220
0x0048	0x6ED6      	MOVWF       TMR0L 
;p5c.c,36 :: 		lock = true;
0x004A	0x0E01      	MOVLW       1
0x004C	0x6E16      	MOVWF       _lock 
;p5c.c,37 :: 		INTCON3.INT1IF = 0;
0x004E	0x90F0      	BCF         INTCON3, 0 
;p5c.c,38 :: 		INTCON3.INT1IE = 0;
0x0050	0x96F0      	BCF         INTCON3, 3 
;p5c.c,40 :: 		}
L_interrupt6:
;p5c.c,41 :: 		}
L_interrupt0:
;p5c.c,44 :: 		if (INTCON.TMR0IF == 1) {
0x0052	0xA4F2      	BTFSS       INTCON, 2 
0x0054	0xD007      	BRA         L_interrupt7
;p5c.c,46 :: 		lock = false;
0x0056	0x6A16      	CLRF        _lock 
;p5c.c,47 :: 		PORTC.B0 = 0;
0x0058	0x9082      	BCF         PORTC, 0 
;p5c.c,48 :: 		PORTC.B7 = 0;
0x005A	0x9E82      	BCF         PORTC, 7 
;p5c.c,51 :: 		INTCON.INT0IE = 1;
0x005C	0x88F2      	BSF         INTCON, 4 
;p5c.c,52 :: 		INTCON3.INT1IE = 1;
0x005E	0x86F0      	BSF         INTCON3, 3 
;p5c.c,55 :: 		T0CON.TMR0ON = 0;
0x0060	0x9ED5      	BCF         T0CON, 7 
;p5c.c,56 :: 		INTCON.TMR0IF = 0;
0x0062	0x94F2      	BCF         INTCON, 2 
;p5c.c,57 :: 		}
L_interrupt7:
;p5c.c,58 :: 		}
L_end_interrupt:
L__interrupt13:
0x0064	0xF000C015  	MOVFF       21, R0
0x0068	0x0011      	RETFIE      1
; end of _interrupt
___CC2DW:
;__Lib_System.c,21 :: 		
;__Lib_System.c,23 :: 		
_CC2DL_Loop1:
;__Lib_System.c,24 :: 		
0x006A	0x0009      	TBLRD*+
;__Lib_System.c,25 :: 		
0x006C	0xFFE6CFF5  	MOVFF       TABLAT, POSTINC1
;__Lib_System.c,26 :: 		
0x0070	0x0600      	DECF        R0, 1, 0
;__Lib_System.c,27 :: 		
0x0072	0xE1FB      	BNZ         _CC2DL_Loop1
;__Lib_System.c,28 :: 		
0x0074	0x0601      	DECF        R1, 1, 0
;__Lib_System.c,29 :: 		
0x0076	0xE1F9      	BNZ         _CC2DL_Loop1
;__Lib_System.c,31 :: 		
L_end___CC2DW:
0x0078	0x0012      	RETURN      0
; end of ___CC2DW
_main:
0x007A	0x6A16      	CLRF        _lock 
;p5c.c,60 :: 		void main(){
;p5c.c,61 :: 		ADCON1 = 0x07;
0x007C	0x0E07      	MOVLW       7
0x007E	0x6EC1      	MOVWF       ADCON1 
;p5c.c,63 :: 		TRISB.B0 = 1;
0x0080	0x8093      	BSF         TRISB, 0 
;p5c.c,64 :: 		TRISB.B1 = 1;
0x0082	0x8293      	BSF         TRISB, 1 
;p5c.c,66 :: 		TRISC.B0 = 0;
0x0084	0x9094      	BCF         TRISC, 0 
;p5c.c,67 :: 		TRISC.B7 = 0;
0x0086	0x9E94      	BCF         TRISC, 7 
;p5c.c,70 :: 		INTCON2.INTEDG0 = 1;
0x0088	0x8CF1      	BSF         INTCON2, 6 
;p5c.c,71 :: 		INTCON.INT0IF = 0;
0x008A	0x92F2      	BCF         INTCON, 1 
;p5c.c,72 :: 		INTCON.INT0IE = 1;
0x008C	0x88F2      	BSF         INTCON, 4 
;p5c.c,75 :: 		INTCON2.INTEDG1 = 1;
0x008E	0x8AF1      	BSF         INTCON2, 5 
;p5c.c,76 :: 		INTCON3.INT1IF = 0;
0x0090	0x90F0      	BCF         INTCON3, 0 
;p5c.c,77 :: 		INTCON3.INT1IE = 1;
0x0092	0x86F0      	BSF         INTCON3, 3 
;p5c.c,80 :: 		T0CON = 0x06;
0x0094	0x0E06      	MOVLW       6
0x0096	0x6ED5      	MOVWF       T0CON 
;p5c.c,81 :: 		INTCON.TMR0IF = 0;
0x0098	0x94F2      	BCF         INTCON, 2 
;p5c.c,82 :: 		INTCON.TMR0IE = 1;
0x009A	0x8AF2      	BSF         INTCON, 5 
;p5c.c,85 :: 		INTCON.GIE = 1;
0x009C	0x8EF2      	BSF         INTCON, 7 
;p5c.c,87 :: 		PORTC.B0 = 0;
0x009E	0x9082      	BCF         PORTC, 0 
;p5c.c,88 :: 		PORTC.B7 = 0;
0x00A0	0x9E82      	BCF         PORTC, 7 
;p5c.c,90 :: 		while(1){
L_main8:
;p5c.c,92 :: 		}
0x00A2	0xD7FF      	BRA         L_main8
;p5c.c,93 :: 		}
L_end_main:
0x00A4	0xD7FF      	BRA         $+0
; end of _main
Symbol List:
//** Routines locations **
//ADDRESS    SIZE    PROCEDURE
//----------------------------------------------
0x0008      [98]    _interrupt
0x006A      [16]    ___CC2DW
0x007A      [44]    _main
//** Variables locations ** 
//ADDRESS    SIZE    VARIABLE
//----------------------------------------------
0x0000       [1]    R0
0x0001       [1]    R1
0x0002       [1]    R2
0x0003       [1]    R3
0x0004       [1]    R4
0x0005       [1]    R5
0x0006       [1]    R6
0x0007       [1]    R7
0x0008       [1]    R8
0x0009       [1]    R9
0x000A       [1]    R10
0x000B       [1]    R11
0x000C       [1]    R12
0x000D       [1]    R13
0x000E       [1]    R14
0x000F       [1]    R15
0x0010       [1]    R16
0x0011       [1]    R17
0x0012       [1]    R18
0x0013       [1]    R19
0x0014       [1]    R20
0x0016       [1]    _lock
0x0F81       [1]    PORTB
0x0F82       [1]    PORTC
0x0F93       [1]    TRISB
0x0F94       [1]    TRISC
0x0FC1       [1]    ADCON1
0x0FD5       [1]    T0CON
0x0FD6       [1]    TMR0L
0x0FD7       [1]    TMR0H
0x0FD8       [1]    STATUS
0x0FD9       [1]    FSR2L
0x0FDA       [1]    FSR2H
0x0FDE       [1]    POSTINC2
0x0FE0       [1]    BSR
0x0FE1       [1]    FSR1L
0x0FE2       [1]    FSR1H
0x0FE4       [1]    PREINC1
0x0FE6       [1]    POSTINC1
0x0FE7       [1]    INDF1
0x0FE8       [1]    WREG
0x0FE9       [1]    FSR0L
0x0FEA       [1]    FSR0H
0x0FEE       [1]    POSTINC0
0x0FF0       [1]    INTCON3
0x0FF1       [1]    INTCON2
0x0FF2       [1]    INTCON
0x0FF3       [1]    PRODL
0x0FF4       [1]    PRODH
0x0FF5       [1]    TABLAT
0x0FF6       [1]    TBLPTRL
0x0FF7       [1]    TBLPTRH
0x0FF8       [1]    TBLPTRU
