;  LST file generated by mikroListExporter - v.2.0 
; Date/Time: 11/02/2026 20:50:57
;----------------------------------------------

;Address Opcode 	ASM
0x0000	0xF000EF4F  	GOTO        158
_interrupt:
;p3c.c,4 :: 		void interrupt(){
0x0008	0xF015C000  	MOVFF       R0, 21
;p3c.c,7 :: 		if(INTCON.INT0IF == 1){
0x000C	0xA2F2      	BTFSS       INTCON, 1 
0x000E	0xD023      	BRA         L_interrupt0
;p3c.c,8 :: 		if(unidad <= 0){
0x0010	0x0E00      	MOVLW       0
0x0012	0x6E00      	MOVWF       R0 
0x0014	0x5017      	MOVF        _unidad+1, 0 
0x0016	0x5C00      	SUBWF       R0, 0 
0x0018	0xE102      	BNZ         L__interrupt16
0x001A	0x5016      	MOVF        _unidad, 0 
0x001C	0x0800      	SUBLW       0
L__interrupt16:
0x001E	0xE316      	BNC         L_interrupt1
;p3c.c,9 :: 		unidad = 9;
0x0020	0x0E09      	MOVLW       9
0x0022	0x6E16      	MOVWF       _unidad 
0x0024	0x0E00      	MOVLW       0
0x0026	0x6E17      	MOVWF       _unidad+1 
;p3c.c,10 :: 		if(decena <= 0){
0x0028	0x0E00      	MOVLW       0
0x002A	0x6E00      	MOVWF       R0 
0x002C	0x5019      	MOVF        _decena+1, 0 
0x002E	0x5C00      	SUBWF       R0, 0 
0x0030	0xE102      	BNZ         L__interrupt17
0x0032	0x5018      	MOVF        _decena, 0 
0x0034	0x0800      	SUBLW       0
L__interrupt17:
0x0036	0xE305      	BNC         L_interrupt2
;p3c.c,11 :: 		decena = 9;  // Si está en 00, va a 99
0x0038	0x0E09      	MOVLW       9
0x003A	0x6E18      	MOVWF       _decena 
0x003C	0x0E00      	MOVLW       0
0x003E	0x6E19      	MOVWF       _decena+1 
;p3c.c,12 :: 		}else{
0x0040	0xD004      	BRA         L_interrupt3
L_interrupt2:
;p3c.c,13 :: 		decena--;
0x0042	0x0E01      	MOVLW       1
0x0044	0x5E18      	SUBWF       _decena, 1 
0x0046	0x0E00      	MOVLW       0
0x0048	0x5A19      	SUBWFB      _decena+1, 1 
;p3c.c,14 :: 		}
L_interrupt3:
;p3c.c,15 :: 		}else{
0x004A	0xD004      	BRA         L_interrupt4
L_interrupt1:
;p3c.c,16 :: 		unidad--;
0x004C	0x0E01      	MOVLW       1
0x004E	0x5E16      	SUBWF       _unidad, 1 
0x0050	0x0E00      	MOVLW       0
0x0052	0x5A17      	SUBWFB      _unidad+1, 1 
;p3c.c,17 :: 		}
L_interrupt4:
;p3c.c,18 :: 		INTCON.INT0IF = 0; // Limpiar flag INT0
0x0054	0x92F2      	BCF         INTCON, 1 
;p3c.c,19 :: 		}
L_interrupt0:
;p3c.c,22 :: 		if(INTCON3.INT1IF == 1){
0x0056	0xA0F0      	BTFSS       INTCON3, 0 
0x0058	0xD017      	BRA         L_interrupt5
;p3c.c,23 :: 		if(unidad >= 9){
0x005A	0x0E00      	MOVLW       0
0x005C	0x5C17      	SUBWF       _unidad+1, 0 
0x005E	0xE102      	BNZ         L__interrupt18
0x0060	0x0E09      	MOVLW       9
0x0062	0x5C16      	SUBWF       _unidad, 0 
L__interrupt18:
0x0064	0xE30E      	BNC         L_interrupt6
;p3c.c,24 :: 		unidad = 0;
0x0066	0x6A16      	CLRF        _unidad 
0x0068	0x6A17      	CLRF        _unidad+1 
;p3c.c,25 :: 		if(decena >= 9){
0x006A	0x0E00      	MOVLW       0
0x006C	0x5C19      	SUBWF       _decena+1, 0 
0x006E	0xE102      	BNZ         L__interrupt19
0x0070	0x0E09      	MOVLW       9
0x0072	0x5C18      	SUBWF       _decena, 0 
L__interrupt19:
0x0074	0xE303      	BNC         L_interrupt7
;p3c.c,26 :: 		decena = 0;
0x0076	0x6A18      	CLRF        _decena 
0x0078	0x6A19      	CLRF        _decena+1 
;p3c.c,27 :: 		}else{
0x007A	0xD002      	BRA         L_interrupt8
L_interrupt7:
;p3c.c,28 :: 		decena ++;
0x007C	0x4A18      	INFSNZ      _decena, 1 
0x007E	0x2A19      	INCF        _decena+1, 1 
;p3c.c,29 :: 		}
L_interrupt8:
;p3c.c,30 :: 		}else{
0x0080	0xD002      	BRA         L_interrupt9
L_interrupt6:
;p3c.c,31 :: 		unidad++;
0x0082	0x4A16      	INFSNZ      _unidad, 1 
0x0084	0x2A17      	INCF        _unidad+1, 1 
;p3c.c,32 :: 		}
L_interrupt9:
;p3c.c,33 :: 		INTCON3.INT1IF = 0; // Limpiar flag INT1
0x0086	0x90F0      	BCF         INTCON3, 0 
;p3c.c,34 :: 		}
L_interrupt5:
;p3c.c,35 :: 		}
L_end_interrupt:
L__interrupt15:
0x0088	0xF000C015  	MOVFF       21, R0
0x008C	0x0011      	RETFIE      1
; end of _interrupt
___CC2DW:
;__Lib_System.c,21 :: 		
;__Lib_System.c,23 :: 		
_CC2DL_Loop1:
;__Lib_System.c,24 :: 		
0x008E	0x0009      	TBLRD*+
;__Lib_System.c,25 :: 		
0x0090	0xFFE6CFF5  	MOVFF       TABLAT, POSTINC1
;__Lib_System.c,26 :: 		
0x0094	0x0600      	DECF        R0, 1, 0
;__Lib_System.c,27 :: 		
0x0096	0xE1FB      	BNZ         _CC2DL_Loop1
;__Lib_System.c,28 :: 		
0x0098	0x0601      	DECF        R1, 1, 0
;__Lib_System.c,29 :: 		
0x009A	0xE1F9      	BNZ         _CC2DL_Loop1
;__Lib_System.c,31 :: 		
L_end___CC2DW:
0x009C	0x0012      	RETURN      0
; end of ___CC2DW
_main:
0x009E	0x6A16      	CLRF        _unidad 
0x00A0	0x6A17      	CLRF        23 
0x00A2	0x6A18      	CLRF        _decena 
0x00A4	0x6A19      	CLRF        25 
;p3c.c,37 :: 		void main(){
;p3c.c,39 :: 		unsigned int numeros[] = {0x3F, 0x06, 0x5B, 0x4F, 0x66, 0x6D, 0x7D, 0x07, 0x7F, 0x6F};
0x00A6	0x0E52      	MOVLW       ?ICSmain_numeros_L0
0x00A8	0x6EF6      	MOVWF       TBLPTRL 
0x00AA	0x0E01      	MOVLW       hi_addr(?ICSmain_numeros_L0)
0x00AC	0x6EF7      	MOVWF       TBLPTRL+1 
0x00AE	0x0E00      	MOVLW       higher_addr(?ICSmain_numeros_L0)
0x00B0	0x6EF8      	MOVWF       TBLPTRL+2 
0x00B2	0x0E1A      	MOVLW       main_numeros_L0
0x00B4	0x6EE1      	MOVWF       FSR1L 
0x00B6	0x0E00      	MOVLW       hi_addr(main_numeros_L0)
0x00B8	0x6EE2      	MOVWF       FSR1L+1 
0x00BA	0x0E14      	MOVLW       20
0x00BC	0x6E00      	MOVWF       R0 
0x00BE	0x0E01      	MOVLW       1
0x00C0	0x6E01      	MOVWF       R1 
0x00C2	0xDFE5      	RCALL       ___CC2DW
;p3c.c,41 :: 		ADCON1 = 0x07;
0x00C4	0x0E07      	MOVLW       7
0x00C6	0x6EC1      	MOVWF       ADCON1 
;p3c.c,42 :: 		TRISD = 0x00;
0x00C8	0x6A95      	CLRF        TRISD 
;p3c.c,43 :: 		TRISE.B0 = 0;
0x00CA	0x9096      	BCF         TRISE, 0 
;p3c.c,44 :: 		TRISE.B1 = 0;
0x00CC	0x9296      	BCF         TRISE, 1 
;p3c.c,46 :: 		PORTE.B0 = 1;
0x00CE	0x8084      	BSF         PORTE, 0 
;p3c.c,47 :: 		PORTE.B1 = 1;
0x00D0	0x8284      	BSF         PORTE, 1 
;p3c.c,49 :: 		PORTD = numeros[0];
0x00D2	0xFF83C01A  	MOVFF       main_numeros_L0, PORTD
;p3c.c,52 :: 		TRISB.B0 = 1; //se configura RB0 como entrada
0x00D6	0x8093      	BSF         TRISB, 0 
;p3c.c,53 :: 		INTCON2.INTEDG0 = 1; //la interrupción la provoca un flanco de subida (x=1)/ bajada (x=0)
0x00D8	0x8CF1      	BSF         INTCON2, 6 
;p3c.c,54 :: 		INTCON.INT0IF = 0; //se pone el flag de la interrupción INT0 a 0
0x00DA	0x92F2      	BCF         INTCON, 1 
;p3c.c,55 :: 		INTCON.INT0IE = 1; //se habilita la interrupción INT0
0x00DC	0x88F2      	BSF         INTCON, 4 
;p3c.c,58 :: 		TRISB.B1 = 1; // se configura RB1 como entrada
0x00DE	0x8293      	BSF         TRISB, 1 
;p3c.c,59 :: 		INTCON2.INTEDG1 = 1; //la interrupción la provoca un flanco de subida (x=1)/ bajada (x=0)
0x00E0	0x8AF1      	BSF         INTCON2, 5 
;p3c.c,60 :: 		INTCON3.INT1IF = 0; // se pone el flag de la interrupción INT1 a 0
0x00E2	0x90F0      	BCF         INTCON3, 0 
;p3c.c,61 :: 		INTCON3.INT1IE = 1; // se habilita la interrupción INT1
0x00E4	0x86F0      	BSF         INTCON3, 3 
;p3c.c,63 :: 		INTCON.GIE = 1; // se habilitan las interrupciones en general
0x00E6	0x8EF2      	BSF         INTCON, 7 
;p3c.c,66 :: 		while(1){
L_main10:
;p3c.c,68 :: 		PORTE.B1 = 1; // Apagar unidad
0x00E8	0x8284      	BSF         PORTE, 1 
;p3c.c,69 :: 		PORTD = numeros[decena];
0x00EA	0xF000C018  	MOVFF       _decena, R0
0x00EE	0xF001C019  	MOVFF       _decena+1, R1
0x00F2	0x3600      	RLCF        R0, 1 
0x00F4	0x9000      	BCF         R0, 0 
0x00F6	0x3601      	RLCF        R1, 1 
0x00F8	0x0E1A      	MOVLW       main_numeros_L0
0x00FA	0x2400      	ADDWF       R0, 0 
0x00FC	0x6EE9      	MOVWF       FSR0L 
0x00FE	0x0E00      	MOVLW       hi_addr(main_numeros_L0)
0x0100	0x2001      	ADDWFC      R1, 0 
0x0102	0x6EEA      	MOVWF       FSR0L+1 
0x0104	0xFF83CFEE  	MOVFF       POSTINC0, PORTD
;p3c.c,70 :: 		PORTE.B0 = 0; // Encender decena
0x0108	0x9084      	BCF         PORTE, 0 
;p3c.c,71 :: 		delay_ms(15);
0x010A	0x0E27      	MOVLW       39
0x010C	0x6E0C      	MOVWF       R12, 0
0x010E	0x0EF5      	MOVLW       245
0x0110	0x6E0D      	MOVWF       R13, 0
L_main12:
0x0112	0x2E0D      	DECFSZ      R13, 1, 0
0x0114	0xD7FE      	BRA         L_main12
0x0116	0x2E0C      	DECFSZ      R12, 1, 0
0x0118	0xD7FC      	BRA         L_main12
;p3c.c,72 :: 		PORTE.B0 = 1; // Apagar decena
0x011A	0x8084      	BSF         PORTE, 0 
;p3c.c,75 :: 		PORTD = numeros[unidad];
0x011C	0xF000C016  	MOVFF       _unidad, R0
0x0120	0xF001C017  	MOVFF       _unidad+1, R1
0x0124	0x3600      	RLCF        R0, 1 
0x0126	0x9000      	BCF         R0, 0 
0x0128	0x3601      	RLCF        R1, 1 
0x012A	0x0E1A      	MOVLW       main_numeros_L0
0x012C	0x2400      	ADDWF       R0, 0 
0x012E	0x6EE9      	MOVWF       FSR0L 
0x0130	0x0E00      	MOVLW       hi_addr(main_numeros_L0)
0x0132	0x2001      	ADDWFC      R1, 0 
0x0134	0x6EEA      	MOVWF       FSR0L+1 
0x0136	0xFF83CFEE  	MOVFF       POSTINC0, PORTD
;p3c.c,76 :: 		PORTE.B1 = 0; // Encender unidad;
0x013A	0x9284      	BCF         PORTE, 1 
;p3c.c,77 :: 		delay_ms(15);
0x013C	0x0E27      	MOVLW       39
0x013E	0x6E0C      	MOVWF       R12, 0
0x0140	0x0EF5      	MOVLW       245
0x0142	0x6E0D      	MOVWF       R13, 0
L_main13:
0x0144	0x2E0D      	DECFSZ      R13, 1, 0
0x0146	0xD7FE      	BRA         L_main13
0x0148	0x2E0C      	DECFSZ      R12, 1, 0
0x014A	0xD7FC      	BRA         L_main13
;p3c.c,78 :: 		PORTE.B1 = 1; // Apagar unidad
0x014C	0x8284      	BSF         PORTE, 1 
;p3c.c,80 :: 		}
0x014E	0xD7CC      	BRA         L_main10
;p3c.c,82 :: 		}
L_end_main:
0x0150	0xD7FF      	BRA         $+0
; end of _main
;p3c.c,0 :: ?ICSmain_numeros_L0
0x0152	0x003F ;?ICSmain_numeros_L0+0
0x0154	0x0006 ;?ICSmain_numeros_L0+2
0x0156	0x005B ;?ICSmain_numeros_L0+4
0x0158	0x004F ;?ICSmain_numeros_L0+6
0x015A	0x0066 ;?ICSmain_numeros_L0+8
0x015C	0x006D ;?ICSmain_numeros_L0+10
0x015E	0x007D ;?ICSmain_numeros_L0+12
0x0160	0x0007 ;?ICSmain_numeros_L0+14
0x0162	0x007F ;?ICSmain_numeros_L0+16
0x0164	0x006F ;?ICSmain_numeros_L0+18
; end of ?ICSmain_numeros_L0
Symbol List:
//** Routines locations **
//ADDRESS    SIZE    PROCEDURE
//----------------------------------------------
0x0008     [134]    _interrupt
0x008E      [16]    ___CC2DW
0x009E     [180]    _main
//** Variables locations ** 
//ADDRESS    SIZE    VARIABLE
//----------------------------------------------
0x0000       [1]    R0
0x0001       [1]    R1
0x0002       [1]    R2
0x0003       [1]    R3
0x0004       [1]    R4
0x0005       [1]    R5
0x0006       [1]    R6
0x0007       [1]    R7
0x0008       [1]    R8
0x0009       [1]    R9
0x000A       [1]    R10
0x000B       [1]    R11
0x000C       [1]    R12
0x000D       [1]    R13
0x000E       [1]    R14
0x000F       [1]    R15
0x0010       [1]    R16
0x0011       [1]    R17
0x0012       [1]    R18
0x0013       [1]    R19
0x0014       [1]    R20
0x0016       [2]    _unidad
0x0018       [2]    _decena
0x001A      [20]    main_numeros_L0
0x0F83       [1]    PORTD
0x0F84       [1]    PORTE
0x0F93       [1]    TRISB
0x0F95       [1]    TRISD
0x0F96       [1]    TRISE
0x0FC1       [1]    ADCON1
0x0FD8       [1]    STATUS
0x0FD9       [1]    FSR2L
0x0FDA       [1]    FSR2H
0x0FDE       [1]    POSTINC2
0x0FE0       [1]    BSR
0x0FE1       [1]    FSR1L
0x0FE2       [1]    FSR1H
0x0FE4       [1]    PREINC1
0x0FE6       [1]    POSTINC1
0x0FE7       [1]    INDF1
0x0FE8       [1]    WREG
0x0FE9       [1]    FSR0L
0x0FEA       [1]    FSR0H
0x0FEE       [1]    POSTINC0
0x0FF0       [1]    INTCON3
0x0FF1       [1]    INTCON2
0x0FF2       [1]    INTCON
0x0FF3       [1]    PRODL
0x0FF4       [1]    PRODH
0x0FF5       [1]    TABLAT
0x0FF6       [1]    TBLPTRL
0x0FF7       [1]    TBLPTRH
0x0FF8       [1]    TBLPTRU
//** Constants locations ** 
//ADDRESS    SIZE    CONSTANT
//----------------------------------------------
0x0152      [20]    ?ICSmain_numeros_L0
