;  LST file generated by mikroListExporter - v.2.0 
; Date/Time: 27/03/2026 18:19:04
;----------------------------------------------

;Address Opcode 	ASM
0x0000	0xF000EF1D  	GOTO        58
_interrupt:
;p4d.c,7 :: 		void interrupt(){
0x0008	0xF015C000  	MOVFF       R0, 21
;p4d.c,8 :: 		if(bucleLuz == true) {
0x000C	0x5016      	MOVF        _bucleLuz, 0 
0x000E	0x0A01      	XORLW       1
0x0010	0xE102      	BNZ         L_interrupt0
;p4d.c,9 :: 		bucleLuz = false;
0x0012	0x6A16      	CLRF        _bucleLuz 
;p4d.c,10 :: 		} else {
0x0014	0xD002      	BRA         L_interrupt1
L_interrupt0:
;p4d.c,11 :: 		bucleLuz = true;
0x0016	0x0E01      	MOVLW       1
0x0018	0x6E16      	MOVWF       _bucleLuz 
;p4d.c,12 :: 		}
L_interrupt1:
;p4d.c,14 :: 		x = PORTB; // Leer el puerto B antes de borrar el flag
0x001A	0xF017CF81  	MOVFF       PORTB, _x
0x001E	0x0E00      	MOVLW       0
0x0020	0x6E18      	MOVWF       _x+1 
;p4d.c,15 :: 		INTCON.RBIF = 0; // Se borra el flag
0x0022	0x90F2      	BCF         INTCON, 0 
;p4d.c,16 :: 		}
L_end_interrupt:
L__interrupt9:
0x0024	0xF000C015  	MOVFF       21, R0
0x0028	0x0011      	RETFIE      1
; end of _interrupt
___CC2DW:
;__Lib_System.c,21 :: 		
;__Lib_System.c,23 :: 		
_CC2DL_Loop1:
;__Lib_System.c,24 :: 		
0x002A	0x0009      	TBLRD*+
;__Lib_System.c,25 :: 		
0x002C	0xFFE6CFF5  	MOVFF       TABLAT, POSTINC1
;__Lib_System.c,26 :: 		
0x0030	0x0600      	DECF        R0, 1, 0
;__Lib_System.c,27 :: 		
0x0032	0xE1FB      	BNZ         _CC2DL_Loop1
;__Lib_System.c,28 :: 		
0x0034	0x0601      	DECF        R1, 1, 0
;__Lib_System.c,29 :: 		
0x0036	0xE1F9      	BNZ         _CC2DL_Loop1
;__Lib_System.c,31 :: 		
L_end___CC2DW:
0x0038	0x0012      	RETURN      0
; end of ___CC2DW
_main:
0x003A	0x6A16      	CLRF        _bucleLuz 
;p4d.c,18 :: 		void main(){
;p4d.c,19 :: 		ADCON1 = 0x07;
0x003C	0x0E07      	MOVLW       7
0x003E	0x6EC1      	MOVWF       ADCON1 
;p4d.c,21 :: 		TRISA.B0 = 0;
0x0040	0x9092      	BCF         TRISA, 0 
;p4d.c,23 :: 		TRISB.B5 = 1;
0x0042	0x8A93      	BSF         TRISB, 5 
;p4d.c,24 :: 		x = PORTB;
0x0044	0xF017CF81  	MOVFF       PORTB, _x
0x0048	0x0E00      	MOVLW       0
0x004A	0x6E18      	MOVWF       _x+1 
;p4d.c,25 :: 		INTCON.RBIF = 0; // Se pone el flag a 0
0x004C	0x90F2      	BCF         INTCON, 0 
;p4d.c,26 :: 		INTCON.RBIE = 1; // Se habilita la interrupción por cambio de nivel
0x004E	0x86F2      	BSF         INTCON, 3 
;p4d.c,27 :: 		INTCON.GIE = 1; // Se habilitan las interrupciones en general
0x0050	0x8EF2      	BSF         INTCON, 7 
;p4d.c,29 :: 		while(1){
L_main2:
;p4d.c,30 :: 		while(bucleLuz) {
L_main4:
0x0052	0x5216      	MOVF        _bucleLuz, 1 
0x0054	0xE01F      	BZ          L_main5
;p4d.c,31 :: 		PORTA.B0 = 0;
0x0056	0x9080      	BCF         PORTA, 0 
;p4d.c,32 :: 		delay_ms(500);
0x0058	0x0E06      	MOVLW       6
0x005A	0x6E0B      	MOVWF       R11, 0
0x005C	0x0E13      	MOVLW       19
0x005E	0x6E0C      	MOVWF       R12, 0
0x0060	0x0EAD      	MOVLW       173
0x0062	0x6E0D      	MOVWF       R13, 0
L_main6:
0x0064	0x2E0D      	DECFSZ      R13, 1, 0
0x0066	0xD7FE      	BRA         L_main6
0x0068	0x2E0C      	DECFSZ      R12, 1, 0
0x006A	0xD7FC      	BRA         L_main6
0x006C	0x2E0B      	DECFSZ      R11, 1, 0
0x006E	0xD7FA      	BRA         L_main6
0x0070	0x0000      	NOP
0x0072	0x0000      	NOP
;p4d.c,33 :: 		PORTA.B0 = 1;
0x0074	0x8080      	BSF         PORTA, 0 
;p4d.c,34 :: 		delay_ms(500);
0x0076	0x0E06      	MOVLW       6
0x0078	0x6E0B      	MOVWF       R11, 0
0x007A	0x0E13      	MOVLW       19
0x007C	0x6E0C      	MOVWF       R12, 0
0x007E	0x0EAD      	MOVLW       173
0x0080	0x6E0D      	MOVWF       R13, 0
L_main7:
0x0082	0x2E0D      	DECFSZ      R13, 1, 0
0x0084	0xD7FE      	BRA         L_main7
0x0086	0x2E0C      	DECFSZ      R12, 1, 0
0x0088	0xD7FC      	BRA         L_main7
0x008A	0x2E0B      	DECFSZ      R11, 1, 0
0x008C	0xD7FA      	BRA         L_main7
0x008E	0x0000      	NOP
0x0090	0x0000      	NOP
;p4d.c,35 :: 		}
0x0092	0xD7DF      	BRA         L_main4
L_main5:
;p4d.c,36 :: 		PORTA.B0 = 0;
0x0094	0x9080      	BCF         PORTA, 0 
;p4d.c,37 :: 		}
0x0096	0xD7DD      	BRA         L_main2
;p4d.c,38 :: 		}
L_end_main:
0x0098	0xD7FF      	BRA         $+0
; end of _main
Symbol List:
//** Routines locations **
//ADDRESS    SIZE    PROCEDURE
//----------------------------------------------
0x0008      [34]    _interrupt
0x002A      [16]    ___CC2DW
0x003A      [96]    _main
//** Variables locations ** 
//ADDRESS    SIZE    VARIABLE
//----------------------------------------------
0x0000       [1]    R0
0x0001       [1]    R1
0x0002       [1]    R2
0x0003       [1]    R3
0x0004       [1]    R4
0x0005       [1]    R5
0x0006       [1]    R6
0x0007       [1]    R7
0x0008       [1]    R8
0x0009       [1]    R9
0x000A       [1]    R10
0x000B       [1]    R11
0x000C       [1]    R12
0x000D       [1]    R13
0x000E       [1]    R14
0x000F       [1]    R15
0x0010       [1]    R16
0x0011       [1]    R17
0x0012       [1]    R18
0x0013       [1]    R19
0x0014       [1]    R20
0x0016       [1]    _bucleLuz
0x0017       [2]    _x
0x0F80       [1]    PORTA
0x0F81       [1]    PORTB
0x0F92       [1]    TRISA
0x0F93       [1]    TRISB
0x0FC1       [1]    ADCON1
0x0FD8       [1]    STATUS
0x0FD9       [1]    FSR2L
0x0FDA       [1]    FSR2H
0x0FDE       [1]    POSTINC2
0x0FE0       [1]    BSR
0x0FE1       [1]    FSR1L
0x0FE2       [1]    FSR1H
0x0FE4       [1]    PREINC1
0x0FE6       [1]    POSTINC1
0x0FE7       [1]    INDF1
0x0FE8       [1]    WREG
0x0FE9       [1]    FSR0L
0x0FEA       [1]    FSR0H
0x0FEE       [1]    POSTINC0
0x0FF2       [1]    INTCON
0x0FF3       [1]    PRODL
0x0FF4       [1]    PRODH
0x0FF5       [1]    TABLAT
0x0FF6       [1]    TBLPTRL
0x0FF7       [1]    TBLPTRH
0x0FF8       [1]    TBLPTRU
