;  LST file generated by mikroListExporter - v.2.0 
; Date/Time: 06/04/2026 17:09:14
;----------------------------------------------

;Address Opcode 	ASM
0x0000	0xF000EF4B  	GOTO        150
0x0004	0x0000      	NOP
0x0006	0x0000      	NOP
0x0008	0xF000EF00  	GOTO        0
0x000C	0x0000      	NOP
0x000E	0x0000      	NOP
0x0010	0x0000      	NOP
0x0012	0x0000      	NOP
0x0014	0x0000      	NOP
0x0016	0x0000      	NOP
0x0018	0xD7F3      	BRA         0
_SPI1_Write:
;__Lib_SPI_c345.c,78 :: 		
;__Lib_SPI_c345.c,81 :: 		
0x001C	0xFFC9C021  	MOVFF       FARG_SPI1_Write_data_, SSPBUF
;__Lib_SPI_c345.c,82 :: 		
L_SPI1_Write8:
0x0020	0xB0C7      	BTFSC       SSPSTAT, 0 
0x0022	0xD002      	BRA         L_SPI1_Write9
;__Lib_SPI_c345.c,83 :: 		
0x0024	0x0000      	NOP
0x0026	0xD7FC      	BRA         L_SPI1_Write8
L_SPI1_Write9:
;__Lib_SPI_c345.c,84 :: 		
0x0028	0xF000CFC9  	MOVFF       SSPBUF, R0
;__Lib_SPI_c345.c,86 :: 		
L_end_SPI1_Write:
0x002C	0x0012      	RETURN      0
; end of _SPI1_Write
_sendDAC:
;p8d.c,13 :: 		void sendDAC(int D){
;p8d.c,14 :: 		PORTC.B0 = 0; // SYNC = 0
0x002E	0x9082      	BCF         PORTC, 0 
;p8d.c,15 :: 		SPI1_Write(D >> 6);
0x0030	0x0E06      	MOVLW       6
0x0032	0x6E02      	MOVWF       R2 
0x0034	0xF000C01F  	MOVFF       FARG_sendDAC_D, R0
0x0038	0xF001C020  	MOVFF       FARG_sendDAC_D+1, R1
0x003C	0x5002      	MOVF        R2, 0 
L__sendDAC12:
0x003E	0xE007      	BZ          L__sendDAC13
0x0040	0x3201      	RRCF        R1, 1 
0x0042	0x3200      	RRCF        R0, 1 
0x0044	0x9E01      	BCF         R1, 7 
0x0046	0xBC01      	BTFSC       R1, 6 
0x0048	0x8E01      	BSF         R1, 7 
0x004A	0x0FFF      	ADDLW       255
0x004C	0xD7F8      	BRA         L__sendDAC12
L__sendDAC13:
0x004E	0xF021C000  	MOVFF       R0, FARG_SPI1_Write_data_
0x0052	0xDFE4      	RCALL       _SPI1_Write
;p8d.c,16 :: 		SPI1_Write(D << 2);
0x0054	0xF021C01F  	MOVFF       FARG_sendDAC_D, FARG_SPI1_Write_data_
0x0058	0x3621      	RLCF        FARG_SPI1_Write_data_, 1 
0x005A	0x9021      	BCF         FARG_SPI1_Write_data_, 0 
0x005C	0x3621      	RLCF        FARG_SPI1_Write_data_, 1 
0x005E	0x9021      	BCF         FARG_SPI1_Write_data_, 0 
0x0060	0xDFDD      	RCALL       _SPI1_Write
;p8d.c,17 :: 		PORTC.B0 = 1; // SYNC = 1
0x0062	0x8082      	BSF         PORTC, 0 
;p8d.c,18 :: 		}
L_end_sendDAC:
0x0064	0x0012      	RETURN      0
; end of _sendDAC
_SPI1_Init:
;__Lib_SPI_c345.c,23 :: 		
;__Lib_SPI_c345.c,24 :: 		
0x0066	0x0EFF      	MOVLW       _SPI1_Read
0x0068	0x6E15      	MOVWF       _SPI_Rd_Ptr 
0x006A	0x0EFF      	MOVLW       hi_addr(_SPI1_Read)
0x006C	0x6E16      	MOVWF       _SPI_Rd_Ptr+1 
0x006E	0x0EFF      	MOVLW       FARG_SPI1_Read_buffer
0x0070	0x6E17      	MOVWF       _SPI_Rd_Ptr+2 
0x0072	0x0EFF      	MOVLW       hi_addr(FARG_SPI1_Read_buffer)
0x0074	0x6E18      	MOVWF       _SPI_Rd_Ptr+3 
;__Lib_SPI_c345.c,25 :: 		
0x0076	0x0E1C      	MOVLW       _SPI1_Write
0x0078	0x6E19      	MOVWF       _SPI_Wr_Ptr 
0x007A	0x0E00      	MOVLW       hi_addr(_SPI1_Write)
0x007C	0x6E1A      	MOVWF       _SPI_Wr_Ptr+1 
0x007E	0x0E21      	MOVLW       FARG_SPI1_Write_data_
0x0080	0x6E1B      	MOVWF       _SPI_Wr_Ptr+2 
0x0082	0x0E00      	MOVLW       hi_addr(FARG_SPI1_Write_data_)
0x0084	0x6E1C      	MOVWF       _SPI_Wr_Ptr+3 
;__Lib_SPI_c345.c,27 :: 		
0x0086	0x9A94      	BCF         TRISC5_bit, BitPos(TRISC5_bit+0) 
;__Lib_SPI_c345.c,28 :: 		
0x0088	0x9694      	BCF         TRISC3_bit, BitPos(TRISC3_bit+0) 
;__Lib_SPI_c345.c,29 :: 		
0x008A	0x8894      	BSF         TRISC4_bit, BitPos(TRISC4_bit+0) 
;__Lib_SPI_c345.c,31 :: 		
0x008C	0x6AC6      	CLRF        SSPCON1 
;__Lib_SPI_c345.c,32 :: 		
0x008E	0x0E40      	MOVLW       64
0x0090	0x6EC7      	MOVWF       SSPSTAT 
;__Lib_SPI_c345.c,33 :: 		
0x0092	0x8AC6      	BSF         SSPCON1, 5 
;__Lib_SPI_c345.c,35 :: 		
L_end_SPI1_Init:
0x0094	0x0012      	RETURN      0
; end of _SPI1_Init
_main:
;p8d.c,20 :: 		void main(){
;p8d.c,22 :: 		unsigned int D = 0;
;p8d.c,23 :: 		unsigned int i = 0;
0x0096	0x6A1D      	CLRF        main_i_L0 
0x0098	0x6A1E      	CLRF        main_i_L0+1 
;p8d.c,26 :: 		TRISC.B0 = 0;
0x009A	0x9094      	BCF         TRISC, 0 
;p8d.c,27 :: 		TRISC.B3 = 0;
0x009C	0x9694      	BCF         TRISC, 3 
;p8d.c,28 :: 		TRISC.B5 = 0;
0x009E	0x9A94      	BCF         TRISC, 5 
;p8d.c,30 :: 		SPI1_Init();
0x00A0	0xDFE2      	RCALL       _SPI1_Init
;p8d.c,32 :: 		while(1){
L_main0:
;p8d.c,35 :: 		for(i = 0; i < HOLD_2V5_SAMPLES; i++){
0x00A2	0x6A1D      	CLRF        main_i_L0 
0x00A4	0x6A1E      	CLRF        main_i_L0+1 
L_main2:
0x00A6	0x0E04      	MOVLW       4
0x00A8	0x5C1E      	SUBWF       main_i_L0+1, 0 
0x00AA	0xE102      	BNZ         L__main15
0x00AC	0x0EE0      	MOVLW       224
0x00AE	0x5C1D      	SUBWF       main_i_L0, 0 
L__main15:
0x00B0	0xE208      	BC          L_main3
;p8d.c,36 :: 		sendDAC(DAC_2V5);
0x00B2	0x0E00      	MOVLW       0
0x00B4	0x6E1F      	MOVWF       FARG_sendDAC_D 
0x00B6	0x0E02      	MOVLW       2
0x00B8	0x6E20      	MOVWF       FARG_sendDAC_D+1 
0x00BA	0xDFB9      	RCALL       _sendDAC
;p8d.c,35 :: 		for(i = 0; i < HOLD_2V5_SAMPLES; i++){
0x00BC	0x4A1D      	INFSNZ      main_i_L0, 1 
0x00BE	0x2A1E      	INCF        main_i_L0+1, 1 
;p8d.c,37 :: 		}
0x00C0	0xD7F2      	BRA         L_main2
L_main3:
;p8d.c,40 :: 		for(i = 0; i < RAMP_SAMPLES; i++){
0x00C2	0x6A1D      	CLRF        main_i_L0 
0x00C4	0x6A1E      	CLRF        main_i_L0+1 
L_main5:
0x00C6	0x0E02      	MOVLW       2
0x00C8	0x5C1E      	SUBWF       main_i_L0+1, 0 
0x00CA	0xE102      	BNZ         L__main16
0x00CC	0x0E00      	MOVLW       0
0x00CE	0x5C1D      	SUBWF       main_i_L0, 0 
L__main16:
0x00D0	0xE20A      	BC          L_main6
;p8d.c,41 :: 		D = DAC_2V5 + i;
0x00D2	0x0E00      	MOVLW       0
0x00D4	0x241D      	ADDWF       main_i_L0, 0 
0x00D6	0x6E1F      	MOVWF       FARG_sendDAC_D 
0x00D8	0x0E02      	MOVLW       2
0x00DA	0x201E      	ADDWFC      main_i_L0+1, 0 
0x00DC	0x6E20      	MOVWF       FARG_sendDAC_D+1 
;p8d.c,42 :: 		sendDAC(D);
0x00DE	0xDFA7      	RCALL       _sendDAC
;p8d.c,40 :: 		for(i = 0; i < RAMP_SAMPLES; i++){
0x00E0	0x4A1D      	INFSNZ      main_i_L0, 1 
0x00E2	0x2A1E      	INCF        main_i_L0+1, 1 
;p8d.c,43 :: 		}
0x00E4	0xD7F0      	BRA         L_main5
L_main6:
;p8d.c,46 :: 		sendDAC(DAC_0V);
0x00E6	0x6A1F      	CLRF        FARG_sendDAC_D 
0x00E8	0x6A20      	CLRF        FARG_sendDAC_D+1 
0x00EA	0xDFA1      	RCALL       _sendDAC
;p8d.c,49 :: 		for(i = 0; i < RAMP_SAMPLES; i++){
0x00EC	0x6A1D      	CLRF        main_i_L0 
0x00EE	0x6A1E      	CLRF        main_i_L0+1 
L_main8:
0x00F0	0x0E02      	MOVLW       2
0x00F2	0x5C1E      	SUBWF       main_i_L0+1, 0 
0x00F4	0xE102      	BNZ         L__main17
0x00F6	0x0E00      	MOVLW       0
0x00F8	0x5C1D      	SUBWF       main_i_L0, 0 
L__main17:
0x00FA	0xE208      	BC          L_main9
;p8d.c,51 :: 		sendDAC(D);
0x00FC	0xF01FC01D  	MOVFF       main_i_L0, FARG_sendDAC_D
0x0100	0xF020C01E  	MOVFF       main_i_L0+1, FARG_sendDAC_D+1
0x0104	0xDF94      	RCALL       _sendDAC
;p8d.c,49 :: 		for(i = 0; i < RAMP_SAMPLES; i++){
0x0106	0x4A1D      	INFSNZ      main_i_L0, 1 
0x0108	0x2A1E      	INCF        main_i_L0+1, 1 
;p8d.c,52 :: 		}
0x010A	0xD7F2      	BRA         L_main8
L_main9:
;p8d.c,53 :: 		}
0x010C	0xD7CA      	BRA         L_main0
;p8d.c,54 :: 		}
L_end_main:
0x010E	0xD7FF      	BRA         $+0
; end of _main
Symbol List:
//** Routines locations **
//ADDRESS    SIZE    PROCEDURE
//----------------------------------------------
0x001C      [18]    _SPI1_Write
0x002E      [56]    _sendDAC
0x0066      [48]    _SPI1_Init
0x0096     [122]    _main
//** Variables locations ** 
//ADDRESS    SIZE    VARIABLE
//----------------------------------------------
0x0000       [1]    SPI1_Write_tmp_L0
0x0000       [1]    R0
0x0001       [1]    R1
0x0002       [1]    R2
0x0003       [1]    R3
0x0004       [1]    R4
0x0005       [1]    R5
0x0006       [1]    R6
0x0007       [1]    R7
0x0008       [1]    R8
0x0009       [1]    R9
0x000A       [1]    R10
0x000B       [1]    R11
0x000C       [1]    R12
0x000D       [1]    R13
0x000E       [1]    R14
0x000F       [1]    R15
0x0010       [1]    R16
0x0011       [1]    R17
0x0012       [1]    R18
0x0013       [1]    R19
0x0014       [1]    R20
0x0015       [4]    _SPI_Rd_Ptr
0x0019       [4]    _SPI_Wr_Ptr
0x001D       [2]    main_i_L0
0x001F       [2]    FARG_sendDAC_D
0x0021       [1]    FARG_SPI1_Write_data_
0x0F82       [1]    PORTC
0x0F94       [0]    TRISC5_bit
0x0F94       [0]    TRISC3_bit
0x0F94       [0]    TRISC4_bit
0x0F94       [1]    TRISC
0x0FC6       [1]    SSPCON1
0x0FC7       [1]    SSPSTAT
0x0FC9       [1]    SSPBUF
0x0FD8       [1]    STATUS
0x0FD9       [1]    FSR2L
0x0FDA       [1]    FSR2H
0x0FDE       [1]    POSTINC2
0x0FE0       [1]    BSR
0x0FE1       [1]    FSR1L
0x0FE2       [1]    FSR1H
0x0FE4       [1]    PREINC1
0x0FE6       [1]    POSTINC1
0x0FE7       [1]    INDF1
0x0FE8       [1]    WREG
0x0FE9       [1]    FSR0L
0x0FEA       [1]    FSR0H
0x0FEE       [1]    POSTINC0
0x0FF3       [1]    PRODL
0x0FF4       [1]    PRODH
0x0FF5       [1]    TABLAT
0x0FF6       [1]    TBLPTRL
0x0FF7       [1]    TBLPTRH
0x0FF8       [1]    TBLPTRU
