;  LST file generated by mikroListExporter - v.2.0 
; Date/Time: 29/03/2026 14:34:33
;----------------------------------------------

;Address Opcode 	ASM
0x0000	0xF000EF66  	GOTO        204
_interrupt:
;p7e.c,17 :: 		void interrupt(){
;p7e.c,19 :: 		}
L_end_interrupt:
L__interrupt3:
0x0008	0x0011      	RETFIE      1
; end of _interrupt
_Delay_5500us:
;__Lib_Delays.c,31 :: 		void Delay_5500us() {
;__Lib_Delays.c,32 :: 		Delay_us(5500);
0x000A	0x0E0F      	MOVLW       15
0x000C	0x6E0C      	MOVWF       R12, 0
0x000E	0x0E47      	MOVLW       71
0x0010	0x6E0D      	MOVWF       R13, 0
L_Delay_5500us5:
0x0012	0x2E0D      	DECFSZ      R13, 1, 0
0x0014	0xD7FE      	BRA         L_Delay_5500us5
0x0016	0x2E0C      	DECFSZ      R12, 1, 0
0x0018	0xD7FC      	BRA         L_Delay_5500us5
0x001A	0x0000      	NOP
0x001C	0x0000      	NOP
;__Lib_Delays.c,33 :: 		}
L_end_Delay_5500us:
0x001E	0x0012      	RETURN      0
; end of _Delay_5500us
_Delay_1us:
;__Lib_Delays.c,7 :: 		void Delay_1us() {
;__Lib_Delays.c,8 :: 		Delay_us(1);
0x0020	0x0000      	NOP
0x0022	0x0000      	NOP
;__Lib_Delays.c,9 :: 		}
L_end_Delay_1us:
0x0024	0x0012      	RETURN      0
; end of _Delay_1us
___CC2DW:
;__Lib_System.c,21 :: 		
;__Lib_System.c,23 :: 		
_CC2DL_Loop1:
;__Lib_System.c,24 :: 		
0x0026	0x0009      	TBLRD*+
;__Lib_System.c,25 :: 		
0x0028	0xFFE6CFF5  	MOVFF       TABLAT, POSTINC1
;__Lib_System.c,26 :: 		
0x002C	0x0600      	DECF        R0, 1, 0
;__Lib_System.c,27 :: 		
0x002E	0xE1FB      	BNZ         _CC2DL_Loop1
;__Lib_System.c,28 :: 		
0x0030	0x0601      	DECF        R1, 1, 0
;__Lib_System.c,29 :: 		
0x0032	0xE1F9      	BNZ         _CC2DL_Loop1
;__Lib_System.c,31 :: 		
L_end___CC2DW:
0x0034	0x0012      	RETURN      0
; end of ___CC2DW
_Lcd_Init:
;__Lib_Lcd.c,84 :: 		
;__Lib_Lcd.c,86 :: 		
0x0036	0x9694      	BCF         LCD_EN_Direction, BitPos(LCD_EN_Direction+0) 
;__Lib_Lcd.c,87 :: 		
0x0038	0x9494      	BCF         LCD_RS_Direction, BitPos(LCD_RS_Direction+0) 
;__Lib_Lcd.c,88 :: 		
0x003A	0x9894      	BCF         LCD_D4_Direction, BitPos(LCD_D4_Direction+0) 
;__Lib_Lcd.c,89 :: 		
0x003C	0x9A94      	BCF         LCD_D5_Direction, BitPos(LCD_D5_Direction+0) 
;__Lib_Lcd.c,90 :: 		
0x003E	0x9C94      	BCF         LCD_D6_Direction, BitPos(LCD_D6_Direction+0) 
;__Lib_Lcd.c,91 :: 		
0x0040	0x9E94      	BCF         LCD_D7_Direction, BitPos(LCD_D7_Direction+0) 
;__Lib_Lcd.c,93 :: 		
0x0042	0x9682      	BCF         LCD_EN, BitPos(LCD_EN+0) 
;__Lib_Lcd.c,94 :: 		
0x0044	0x9482      	BCF         LCD_RS, BitPos(LCD_RS+0) 
;__Lib_Lcd.c,95 :: 		
0x0046	0x9E82      	BCF         LCD_D7, BitPos(LCD_D7+0) 
;__Lib_Lcd.c,96 :: 		
0x0048	0x9C82      	BCF         LCD_D6, BitPos(LCD_D6+0) 
;__Lib_Lcd.c,97 :: 		
0x004A	0x9A82      	BCF         LCD_D5, BitPos(LCD_D5+0) 
;__Lib_Lcd.c,98 :: 		
0x004C	0x9882      	BCF         LCD_D4, BitPos(LCD_D4+0) 
;__Lib_Lcd.c,100 :: 		
0x004E	0xDFDD      	RCALL       _Delay_5500us
;__Lib_Lcd.c,101 :: 		
0x0050	0xDFDC      	RCALL       _Delay_5500us
;__Lib_Lcd.c,102 :: 		
0x0052	0xDFDB      	RCALL       _Delay_5500us
;__Lib_Lcd.c,105 :: 		
0x0054	0x8A82      	BSF         LCD_D5, BitPos(LCD_D5+0) 
;__Lib_Lcd.c,106 :: 		
0x0056	0x8882      	BSF         LCD_D4, BitPos(LCD_D4+0) 
;__Lib_Lcd.c,107 :: 		
0x0058	0x8682      	BSF         LCD_EN, BitPos(LCD_EN+0) 
;__Lib_Lcd.c,108 :: 		
0x005A	0xDFE2      	RCALL       _Delay_1us
;__Lib_Lcd.c,109 :: 		
0x005C	0x9682      	BCF         LCD_EN, BitPos(LCD_EN+0) 
;__Lib_Lcd.c,110 :: 		
0x005E	0xDFD5      	RCALL       _Delay_5500us
;__Lib_Lcd.c,112 :: 		
0x0060	0x8682      	BSF         LCD_EN, BitPos(LCD_EN+0) 
;__Lib_Lcd.c,113 :: 		
0x0062	0xDFDE      	RCALL       _Delay_1us
;__Lib_Lcd.c,114 :: 		
0x0064	0x9682      	BCF         LCD_EN, BitPos(LCD_EN+0) 
;__Lib_Lcd.c,115 :: 		
0x0066	0xDFD1      	RCALL       _Delay_5500us
;__Lib_Lcd.c,117 :: 		
0x0068	0x8682      	BSF         LCD_EN, BitPos(LCD_EN+0) 
;__Lib_Lcd.c,118 :: 		
0x006A	0xDFDA      	RCALL       _Delay_1us
;__Lib_Lcd.c,119 :: 		
0x006C	0x9682      	BCF         LCD_EN, BitPos(LCD_EN+0) 
;__Lib_Lcd.c,120 :: 		
0x006E	0xDFCD      	RCALL       _Delay_5500us
;__Lib_Lcd.c,123 :: 		
0x0070	0x9882      	BCF         LCD_D4, BitPos(LCD_D4+0) 
;__Lib_Lcd.c,124 :: 		
0x0072	0x8682      	BSF         LCD_EN, BitPos(LCD_EN+0) 
;__Lib_Lcd.c,125 :: 		
0x0074	0xDFD5      	RCALL       _Delay_1us
;__Lib_Lcd.c,126 :: 		
0x0076	0x9682      	BCF         LCD_EN, BitPos(LCD_EN+0) 
;__Lib_Lcd.c,127 :: 		
0x0078	0xDFC8      	RCALL       _Delay_5500us
;__Lib_Lcd.c,130 :: 		
0x007A	0x8682      	BSF         LCD_EN, BitPos(LCD_EN+0) 
;__Lib_Lcd.c,131 :: 		
0x007C	0xDFD1      	RCALL       _Delay_1us
;__Lib_Lcd.c,132 :: 		
0x007E	0x9682      	BCF         LCD_EN, BitPos(LCD_EN+0) 
;__Lib_Lcd.c,134 :: 		
0x0080	0x9A82      	BCF         LCD_D5, BitPos(LCD_D5+0) 
;__Lib_Lcd.c,135 :: 		
0x0082	0x8E82      	BSF         LCD_D7, BitPos(LCD_D7+0) 
;__Lib_Lcd.c,136 :: 		
0x0084	0x8682      	BSF         LCD_EN, BitPos(LCD_EN+0) 
;__Lib_Lcd.c,137 :: 		
0x0086	0xDFCC      	RCALL       _Delay_1us
;__Lib_Lcd.c,138 :: 		
0x0088	0x9682      	BCF         LCD_EN, BitPos(LCD_EN+0) 
;__Lib_Lcd.c,139 :: 		
0x008A	0xDFBF      	RCALL       _Delay_5500us
;__Lib_Lcd.c,142 :: 		
0x008C	0x9E82      	BCF         LCD_D7, BitPos(LCD_D7+0) 
;__Lib_Lcd.c,143 :: 		
0x008E	0x8882      	BSF         LCD_D4, BitPos(LCD_D4+0) 
;__Lib_Lcd.c,144 :: 		
0x0090	0x8682      	BSF         LCD_EN, BitPos(LCD_EN+0) 
;__Lib_Lcd.c,145 :: 		
0x0092	0xDFC6      	RCALL       _Delay_1us
;__Lib_Lcd.c,146 :: 		
0x0094	0x9682      	BCF         LCD_EN, BitPos(LCD_EN+0) 
;__Lib_Lcd.c,148 :: 		
0x0096	0x9882      	BCF         LCD_D4, BitPos(LCD_D4+0) 
;__Lib_Lcd.c,149 :: 		
0x0098	0x8682      	BSF         LCD_EN, BitPos(LCD_EN+0) 
;__Lib_Lcd.c,150 :: 		
0x009A	0xDFC2      	RCALL       _Delay_1us
;__Lib_Lcd.c,151 :: 		
0x009C	0x9682      	BCF         LCD_EN, BitPos(LCD_EN+0) 
;__Lib_Lcd.c,152 :: 		
0x009E	0xDFB5      	RCALL       _Delay_5500us
;__Lib_Lcd.c,155 :: 		
0x00A0	0x8682      	BSF         LCD_EN, BitPos(LCD_EN+0) 
;__Lib_Lcd.c,156 :: 		
0x00A2	0xDFBE      	RCALL       _Delay_1us
;__Lib_Lcd.c,157 :: 		
0x00A4	0x9682      	BCF         LCD_EN, BitPos(LCD_EN+0) 
;__Lib_Lcd.c,159 :: 		
0x00A6	0x8882      	BSF         LCD_D4, BitPos(LCD_D4+0) 
;__Lib_Lcd.c,160 :: 		
0x00A8	0x8682      	BSF         LCD_EN, BitPos(LCD_EN+0) 
;__Lib_Lcd.c,161 :: 		
0x00AA	0xDFBA      	RCALL       _Delay_1us
;__Lib_Lcd.c,162 :: 		
0x00AC	0x9682      	BCF         LCD_EN, BitPos(LCD_EN+0) 
;__Lib_Lcd.c,163 :: 		
0x00AE	0xDFAD      	RCALL       _Delay_5500us
;__Lib_Lcd.c,166 :: 		
0x00B0	0x9882      	BCF         LCD_D4, BitPos(LCD_D4+0) 
;__Lib_Lcd.c,167 :: 		
0x00B2	0x8682      	BSF         LCD_EN, BitPos(LCD_EN+0) 
;__Lib_Lcd.c,168 :: 		
0x00B4	0xDFB5      	RCALL       _Delay_1us
;__Lib_Lcd.c,169 :: 		
0x00B6	0x9682      	BCF         LCD_EN, BitPos(LCD_EN+0) 
;__Lib_Lcd.c,171 :: 		
0x00B8	0x8E82      	BSF         LCD_D7, BitPos(LCD_D7+0) 
;__Lib_Lcd.c,172 :: 		
0x00BA	0x8C82      	BSF         LCD_D6, BitPos(LCD_D6+0) 
;__Lib_Lcd.c,173 :: 		
0x00BC	0x8A82      	BSF         LCD_D5, BitPos(LCD_D5+0) 
;__Lib_Lcd.c,174 :: 		
0x00BE	0x8882      	BSF         LCD_D4, BitPos(LCD_D4+0) 
;__Lib_Lcd.c,175 :: 		
0x00C0	0x8682      	BSF         LCD_EN, BitPos(LCD_EN+0) 
;__Lib_Lcd.c,176 :: 		
0x00C2	0xDFAE      	RCALL       _Delay_1us
;__Lib_Lcd.c,177 :: 		
0x00C4	0x9682      	BCF         LCD_EN, BitPos(LCD_EN+0) 
;__Lib_Lcd.c,179 :: 		
0x00C6	0xDFA1      	RCALL       _Delay_5500us
;__Lib_Lcd.c,181 :: 		
0x00C8	0x8015      	BSF         __Lib_Lcd_cmd_status, BitPos(__Lib_Lcd_cmd_status+0) 
;__Lib_Lcd.c,182 :: 		
L_end_Lcd_Init:
0x00CA	0x0012      	RETURN      0
; end of _Lcd_Init
_main:
;p7e.c,21 :: 		void main(){
;p7e.c,22 :: 		Lcd_init();
0x00CC	0xDFB4      	RCALL       _Lcd_Init
;p7e.c,24 :: 		while(1){
L_main0:
;p7e.c,26 :: 		}
0x00CE	0xD7FF      	BRA         L_main0
;p7e.c,27 :: 		}
L_end_main:
0x00D0	0xD7FF      	BRA         $+0
; end of _main
Symbol List:
//** Routines locations **
//ADDRESS    SIZE    PROCEDURE
//----------------------------------------------
0x0008       [2]    _interrupt
0x000A      [22]    _Delay_5500us
0x0020       [6]    _Delay_1us
0x0026      [16]    ___CC2DW
0x0036     [150]    _Lcd_Init
0x00CC       [6]    _main
//** Variables locations ** 
//ADDRESS    SIZE    VARIABLE
//----------------------------------------------
0x0000       [1]    R0
0x0001       [1]    R1
0x0002       [2]    memchr_s_L0
0x0002       [2]    memset_pp_L0
0x0002       [2]    strlen_cp_L0
0x0002       [1]    R2
0x0002       [2]    memcpy_dd_L0
0x0003       [1]    R3
0x0003       [2]    memmove_tt_L0
0x0003       [2]    Ltrim_original_L0
0x0004       [2]    strcpy_cp_L0
0x0004       [2]    memcpy_ss_L0
0x0004       [2]    strncat_cp_L0
0x0004       [2]    strncpy_cp_L0
0x0004       [2]    strcat_cp_L0
0x0004       [1]    R4
0x0005       [1]    R5
0x0005       [2]    LongIntToHex_input_half_L0
0x0005       [2]    memmove_ff_L0
0x0005       [2]    Ltrim_p_L0
0x0005       [2]    LongWordToHex_input_half_L0
0x0006       [1]    R6
0x0007       [1]    R7
0x0008       [1]    R8
0x0009       [1]    R9
0x000A       [1]    R10
0x000B       [1]    R11
0x000C       [1]    R12
0x000D       [1]    R13
0x000E       [1]    R14
0x000F       [1]    R15
0x0010       [1]    R16
0x0011       [1]    R17
0x0012       [1]    R18
0x0013       [1]    R19
0x0014       [1]    R20
0x0015       [0]    __Lib_Lcd_cmd_status
0x0F82       [0]    LCD_D7
0x0F82       [1]    PORTC
0x0F82       [0]    LCD_D5
0x0F82       [0]    RC4_bit
0x0F82       [0]    LCD_D6
0x0F82       [0]    RC5_bit
0x0F82       [0]    LCD_RS
0x0F82       [0]    RC2_bit
0x0F82       [0]    LCD_D4
0x0F82       [0]    LCD_EN
0x0F82       [0]    RC7_bit
0x0F82       [0]    RC6_bit
0x0F94       [0]    LCD_D5_Direction
0x0F94       [0]    LCD_D4_Direction
0x0F94       [0]    LCD_D7_Direction
0x0F94       [0]    LCD_D6_Direction
0x0F94       [1]    TRISC
0x0F94       [0]    LCD_EN_Direction
0x0F94       [0]    LCD_RS_Direction
0x0F94       [0]    TRISC6_bit
0x0F94       [0]    TRISC5_bit
0x0F94       [0]    TRISC7_bit
0x0F94       [0]    TRISC2_bit
0x0F94       [0]    TRISC4_bit
0x0FD8       [1]    STATUS
0x0FD9       [1]    FSR2L
0x0FDA       [1]    FSR2H
0x0FDE       [1]    POSTINC2
0x0FE0       [1]    BSR
0x0FE1       [1]    FSR1L
0x0FE2       [1]    FSR1H
0x0FE4       [1]    PREINC1
0x0FE6       [1]    POSTINC1
0x0FE7       [1]    INDF1
0x0FE8       [1]    WREG
0x0FE9       [1]    FSR0L
0x0FEA       [1]    FSR0H
0x0FEE       [1]    POSTINC0
0x0FF3       [1]    PRODL
0x0FF4       [1]    PRODH
0x0FF5       [1]    TABLAT
0x0FF6       [1]    TBLPTRL
0x0FF7       [1]    TBLPTRH
0x0FF8       [1]    TBLPTRU
