;  LST file generated by mikroListExporter - v.2.0 
; Date/Time: 21/02/2026 23:40:00
;----------------------------------------------

;Address Opcode 	ASM
0x0000	0xF000EF16  	GOTO        44
0x0004	0x0000      	NOP
0x0006	0x0000      	NOP
0x0008	0xF000EF00  	GOTO        0
0x000C	0x0000      	NOP
0x000E	0x0000      	NOP
0x0010	0x0000      	NOP
0x0012	0x0000      	NOP
0x0014	0x0000      	NOP
0x0016	0x0000      	NOP
0x0018	0xD7F3      	BRA         0
___CC2DW:
;__Lib_System.c,21 :: 		
;__Lib_System.c,23 :: 		
_CC2DL_Loop1:
;__Lib_System.c,24 :: 		
0x001C	0x0009      	TBLRD*+
;__Lib_System.c,25 :: 		
0x001E	0xFFE6CFF5  	MOVFF       TABLAT, POSTINC1
;__Lib_System.c,26 :: 		
0x0022	0x0600      	DECF        R0, 1, 0
;__Lib_System.c,27 :: 		
0x0024	0xE1FB      	BNZ         _CC2DL_Loop1
;__Lib_System.c,28 :: 		
0x0026	0x0601      	DECF        R1, 1, 0
;__Lib_System.c,29 :: 		
0x0028	0xE1F9      	BNZ         _CC2DL_Loop1
;__Lib_System.c,31 :: 		
L_end___CC2DW:
0x002A	0x0012      	RETURN      0
; end of ___CC2DW
_main:
;p1cdeberes.c,1 :: 		void main() {
;p1cdeberes.c,2 :: 		int secuencia[14] = {0xFE,0xFD,0xFB,0xF7,0xEF,0xDF,0xBF,0x7F,0xBF,0xDF,0xEF,0xF7,0xFB,0xFD};
0x002C	0x0EAA      	MOVLW       ?ICSmain_secuencia_L0
0x002E	0x6EF6      	MOVWF       TBLPTRL 
0x0030	0x0E00      	MOVLW       hi_addr(?ICSmain_secuencia_L0)
0x0032	0x6EF7      	MOVWF       TBLPTRL+1 
0x0034	0x0E00      	MOVLW       higher_addr(?ICSmain_secuencia_L0)
0x0036	0x6EF8      	MOVWF       TBLPTRL+2 
0x0038	0x0E15      	MOVLW       main_secuencia_L0
0x003A	0x6EE1      	MOVWF       FSR1L 
0x003C	0x0E00      	MOVLW       hi_addr(main_secuencia_L0)
0x003E	0x6EE2      	MOVWF       FSR1L+1 
0x0040	0x0E1E      	MOVLW       30
0x0042	0x6E00      	MOVWF       R0 
0x0044	0x0E01      	MOVLW       1
0x0046	0x6E01      	MOVWF       R1 
0x0048	0xDFE9      	RCALL       ___CC2DW
;p1cdeberes.c,5 :: 		TRISB.B3 = 1;
0x004A	0x8693      	BSF         TRISB, 3 
;p1cdeberes.c,6 :: 		TRISC = 0;
0x004C	0x6A94      	CLRF        TRISC 
;p1cdeberes.c,7 :: 		PORTC = 0;
0x004E	0x6A82      	CLRF        PORTC 
;p1cdeberes.c,9 :: 		while(1)
L_main0:
;p1cdeberes.c,12 :: 		if(PORTB.B3 == 1) {
0x0050	0xA681      	BTFSS       PORTB, 3 
0x0052	0xD029      	BRA         L_main2
;p1cdeberes.c,14 :: 		PORTC = secuencia[i];
0x0054	0xF000C031  	MOVFF       main_i_L0, R0
0x0058	0xF001C032  	MOVFF       main_i_L0+1, R1
0x005C	0x3600      	RLCF        R0, 1 
0x005E	0x9000      	BCF         R0, 0 
0x0060	0x3601      	RLCF        R1, 1 
0x0062	0x0E15      	MOVLW       main_secuencia_L0
0x0064	0x2400      	ADDWF       R0, 0 
0x0066	0x6EE9      	MOVWF       FSR0L 
0x0068	0x0E00      	MOVLW       hi_addr(main_secuencia_L0)
0x006A	0x2001      	ADDWFC      R1, 0 
0x006C	0x6EEA      	MOVWF       FSR0L+1 
0x006E	0xFF82CFEE  	MOVFF       POSTINC0, PORTC
;p1cdeberes.c,15 :: 		i++;
0x0072	0x4A31      	INFSNZ      main_i_L0, 1 
0x0074	0x2A32      	INCF        main_i_L0+1, 1 
;p1cdeberes.c,18 :: 		if(i>=14) {
0x0076	0x0E80      	MOVLW       128
0x0078	0x1832      	XORWF       main_i_L0+1, 0 
0x007A	0x6E00      	MOVWF       R0 
0x007C	0x0E80      	MOVLW       128
0x007E	0x5C00      	SUBWF       R0, 0 
0x0080	0xE102      	BNZ         L__main6
0x0082	0x0E0E      	MOVLW       14
0x0084	0x5C31      	SUBWF       main_i_L0, 0 
L__main6:
0x0086	0xE302      	BNC         L_main3
;p1cdeberes.c,19 :: 		i = 0;
0x0088	0x6A31      	CLRF        main_i_L0 
0x008A	0x6A32      	CLRF        main_i_L0+1 
;p1cdeberes.c,20 :: 		}
L_main3:
;p1cdeberes.c,23 :: 		delay_ms(100);
0x008C	0x0E02      	MOVLW       2
0x008E	0x6E0B      	MOVWF       R11, 0
0x0090	0x0E04      	MOVLW       4
0x0092	0x6E0C      	MOVWF       R12, 0
0x0094	0x0EBA      	MOVLW       186
0x0096	0x6E0D      	MOVWF       R13, 0
L_main4:
0x0098	0x2E0D      	DECFSZ      R13, 1, 0
0x009A	0xD7FE      	BRA         L_main4
0x009C	0x2E0C      	DECFSZ      R12, 1, 0
0x009E	0xD7FC      	BRA         L_main4
0x00A0	0x2E0B      	DECFSZ      R11, 1, 0
0x00A2	0xD7FA      	BRA         L_main4
0x00A4	0x0000      	NOP
;p1cdeberes.c,24 :: 		}
L_main2:
;p1cdeberes.c,25 :: 		}
0x00A6	0xD7D4      	BRA         L_main0
;p1cdeberes.c,26 :: 		}
L_end_main:
0x00A8	0xD7FF      	BRA         $+0
; end of _main
;p1cdeberes.c,0 :: ?ICSmain_secuencia_L0
0x00AA	0x00FE ;?ICSmain_secuencia_L0+0
0x00AC	0x00FD ;?ICSmain_secuencia_L0+2
0x00AE	0x00FB ;?ICSmain_secuencia_L0+4
0x00B0	0x00F7 ;?ICSmain_secuencia_L0+6
0x00B2	0x00EF ;?ICSmain_secuencia_L0+8
0x00B4	0x00DF ;?ICSmain_secuencia_L0+10
0x00B6	0x00BF ;?ICSmain_secuencia_L0+12
0x00B8	0x007F ;?ICSmain_secuencia_L0+14
0x00BA	0x00BF ;?ICSmain_secuencia_L0+16
0x00BC	0x00DF ;?ICSmain_secuencia_L0+18
0x00BE	0x00EF ;?ICSmain_secuencia_L0+20
0x00C0	0x00F7 ;?ICSmain_secuencia_L0+22
0x00C2	0x00FB ;?ICSmain_secuencia_L0+24
0x00C4	0x00FD ;?ICSmain_secuencia_L0+26
; end of ?ICSmain_secuencia_L0
;p1cdeberes.c,0 :: ?ICSmain_i_L0
0x00C6	0x0000 ;?ICSmain_i_L0+0
; end of ?ICSmain_i_L0
Symbol List:
//** Routines locations **
//ADDRESS    SIZE    PROCEDURE
//----------------------------------------------
0x001C      [16]    ___CC2DW
0x002C     [126]    _main
//** Variables locations ** 
//ADDRESS    SIZE    VARIABLE
//----------------------------------------------
0x0000       [1]    R0
0x0001       [1]    R1
0x0002       [1]    R2
0x0003       [1]    R3
0x0004       [1]    R4
0x0005       [1]    R5
0x0006       [1]    R6
0x0007       [1]    R7
0x0008       [1]    R8
0x0009       [1]    R9
0x000A       [1]    R10
0x000B       [1]    R11
0x000C       [1]    R12
0x000D       [1]    R13
0x000E       [1]    R14
0x000F       [1]    R15
0x0010       [1]    R16
0x0011       [1]    R17
0x0012       [1]    R18
0x0013       [1]    R19
0x0014       [1]    R20
0x0015      [28]    main_secuencia_L0
0x0031       [2]    main_i_L0
0x0F81       [1]    PORTB
0x0F82       [1]    PORTC
0x0F93       [1]    TRISB
0x0F94       [1]    TRISC
0x0FD8       [1]    STATUS
0x0FD9       [1]    FSR2L
0x0FDA       [1]    FSR2H
0x0FDE       [1]    POSTINC2
0x0FE0       [1]    BSR
0x0FE1       [1]    FSR1L
0x0FE2       [1]    FSR1H
0x0FE4       [1]    PREINC1
0x0FE6       [1]    POSTINC1
0x0FE7       [1]    INDF1
0x0FE8       [1]    WREG
0x0FE9       [1]    FSR0L
0x0FEA       [1]    FSR0H
0x0FEE       [1]    POSTINC0
0x0FF3       [1]    PRODL
0x0FF4       [1]    PRODH
0x0FF5       [1]    TABLAT
0x0FF6       [1]    TBLPTRL
0x0FF7       [1]    TBLPTRH
0x0FF8       [1]    TBLPTRU
//** Constants locations ** 
//ADDRESS    SIZE    CONSTANT
//----------------------------------------------
0x00AA      [28]    ?ICSmain_secuencia_L0
0x00C6       [2]    ?ICSmain_i_L0
