;  LST file generated by mikroListExporter - v.2.0 
; Date/Time: 27/03/2026 18:16:19
;----------------------------------------------

;Address Opcode 	ASM
0x0000	0xF000EF53  	GOTO        166
_interrupt:
;p5b.c,5 :: 		void interrupt() {
0x0008	0xF015C000  	MOVFF       R0, 21
;p5b.c,7 :: 		if (Q == 0 && PORTB.B0 == 0) {
0x000C	0x0E00      	MOVLW       0
0x000E	0x1819      	XORWF       _Q+1, 0 
0x0010	0xE102      	BNZ         L__interrupt21
0x0012	0x0E00      	MOVLW       0
0x0014	0x1818      	XORWF       _Q, 0 
L__interrupt21:
0x0016	0xE104      	BNZ         L_interrupt2
0x0018	0xB081      	BTFSC       PORTB, 0 
0x001A	0xD002      	BRA         L_interrupt2
L__interrupt18:
;p5b.c,8 :: 		Q = 0;
0x001C	0x6A18      	CLRF        _Q 
0x001E	0x6A19      	CLRF        _Q+1 
;p5b.c,9 :: 		}
L_interrupt2:
;p5b.c,10 :: 		if (Q == 0 && PORTB.B0 == 1) {
0x0020	0x0E00      	MOVLW       0
0x0022	0x1819      	XORWF       _Q+1, 0 
0x0024	0xE102      	BNZ         L__interrupt22
0x0026	0x0E00      	MOVLW       0
0x0028	0x1818      	XORWF       _Q, 0 
L__interrupt22:
0x002A	0xE106      	BNZ         L_interrupt5
0x002C	0xA081      	BTFSS       PORTB, 0 
0x002E	0xD004      	BRA         L_interrupt5
L__interrupt17:
;p5b.c,11 :: 		Q = 1;
0x0030	0x0E01      	MOVLW       1
0x0032	0x6E18      	MOVWF       _Q 
0x0034	0x0E00      	MOVLW       0
0x0036	0x6E19      	MOVWF       _Q+1 
;p5b.c,12 :: 		}
L_interrupt5:
;p5b.c,13 :: 		if (Q == 1 && PORTB.B0 == 1) {
0x0038	0x0E00      	MOVLW       0
0x003A	0x1819      	XORWF       _Q+1, 0 
0x003C	0xE102      	BNZ         L__interrupt23
0x003E	0x0E01      	MOVLW       1
0x0040	0x1818      	XORWF       _Q, 0 
L__interrupt23:
0x0042	0xE106      	BNZ         L_interrupt8
0x0044	0xA081      	BTFSS       PORTB, 0 
0x0046	0xD004      	BRA         L_interrupt8
L__interrupt16:
;p5b.c,14 :: 		Q = 1;
0x0048	0x0E01      	MOVLW       1
0x004A	0x6E18      	MOVWF       _Q 
0x004C	0x0E00      	MOVLW       0
0x004E	0x6E19      	MOVWF       _Q+1 
;p5b.c,15 :: 		}
L_interrupt8:
;p5b.c,16 :: 		if (Q == 1 && PORTB.B0 == 0) {
0x0050	0x0E00      	MOVLW       0
0x0052	0x1819      	XORWF       _Q+1, 0 
0x0054	0xE102      	BNZ         L__interrupt24
0x0056	0x0E01      	MOVLW       1
0x0058	0x1818      	XORWF       _Q, 0 
L__interrupt24:
0x005A	0xE108      	BNZ         L_interrupt11
0x005C	0xB081      	BTFSC       PORTB, 0 
0x005E	0xD006      	BRA         L_interrupt11
L__interrupt15:
;p5b.c,17 :: 		Q = 2;
0x0060	0x0E02      	MOVLW       2
0x0062	0x6E18      	MOVWF       _Q 
0x0064	0x0E00      	MOVLW       0
0x0066	0x6E19      	MOVWF       _Q+1 
;p5b.c,18 :: 		m = ~m;
0x0068	0x1E16      	COMF        _m, 1 
0x006A	0x1E17      	COMF        _m+1, 1 
;p5b.c,19 :: 		}
L_interrupt11:
;p5b.c,20 :: 		if (Q == 2){
0x006C	0x0E00      	MOVLW       0
0x006E	0x1819      	XORWF       _Q+1, 0 
0x0070	0xE102      	BNZ         L__interrupt25
0x0072	0x0E02      	MOVLW       2
0x0074	0x1818      	XORWF       _Q, 0 
L__interrupt25:
0x0076	0xE102      	BNZ         L_interrupt12
;p5b.c,21 :: 		Q = 0;
0x0078	0x6A18      	CLRF        _Q 
0x007A	0x6A19      	CLRF        _Q+1 
;p5b.c,22 :: 		}
L_interrupt12:
;p5b.c,24 :: 		PORTB.B3 = m;
0x007C	0xB016      	BTFSC       _m, 0 
0x007E	0xD002      	BRA         L__interrupt26
0x0080	0x9681      	BCF         PORTB, 3 
0x0082	0xD001      	BRA         L__interrupt27
L__interrupt26:
0x0084	0x8681      	BSF         PORTB, 3 
L__interrupt27:
;p5b.c,25 :: 		TMR0H = (30536 >> 8);
0x0086	0x0E77      	MOVLW       119
0x0088	0x6ED7      	MOVWF       TMR0H 
;p5b.c,26 :: 		TMR0L = 30536;
0x008A	0x0E48      	MOVLW       72
0x008C	0x6ED6      	MOVWF       TMR0L 
;p5b.c,27 :: 		INTCON.TMR0IF = 0; // se borra el flag
0x008E	0x94F2      	BCF         INTCON, 2 
;p5b.c,29 :: 		}
L_end_interrupt:
L__interrupt20:
0x0090	0xF000C015  	MOVFF       21, R0
0x0094	0x0011      	RETFIE      1
; end of _interrupt
___CC2DW:
;__Lib_System.c,21 :: 		
;__Lib_System.c,23 :: 		
_CC2DL_Loop1:
;__Lib_System.c,24 :: 		
0x0096	0x0009      	TBLRD*+
;__Lib_System.c,25 :: 		
0x0098	0xFFE6CFF5  	MOVFF       TABLAT, POSTINC1
;__Lib_System.c,26 :: 		
0x009C	0x0600      	DECF        R0, 1, 0
;__Lib_System.c,27 :: 		
0x009E	0xE1FB      	BNZ         _CC2DL_Loop1
;__Lib_System.c,28 :: 		
0x00A0	0x0601      	DECF        R1, 1, 0
;__Lib_System.c,29 :: 		
0x00A2	0xE1F9      	BNZ         _CC2DL_Loop1
;__Lib_System.c,31 :: 		
L_end___CC2DW:
0x00A4	0x0012      	RETURN      0
; end of ___CC2DW
_main:
0x00A6	0x6A16      	CLRF        _m 
0x00A8	0x6A17      	CLRF        23 
0x00AA	0x6A18      	CLRF        _Q 
0x00AC	0x6A19      	CLRF        25 
;p5b.c,31 :: 		void main() {
;p5b.c,33 :: 		ADCON1 = 0x07;
0x00AE	0x0E07      	MOVLW       7
0x00B0	0x6EC1      	MOVWF       ADCON1 
;p5b.c,36 :: 		TRISA.B0 = 1;
0x00B2	0x8092      	BSF         TRISA, 0 
;p5b.c,37 :: 		TRISA.B3 = 0;
0x00B4	0x9692      	BCF         TRISA, 3 
;p5b.c,38 :: 		PORTA.B3 = 0;
0x00B6	0x9680      	BCF         PORTA, 3 
;p5b.c,41 :: 		T0CON = 0xB4;
0x00B8	0x0EB4      	MOVLW       180
0x00BA	0x6ED5      	MOVWF       T0CON 
;p5b.c,42 :: 		INTCON.TMR0IF = 0; // Se pone el flag a 0
0x00BC	0x94F2      	BCF         INTCON, 2 
;p5b.c,43 :: 		INTCON.TMR0IE = 1; // Se habilita la interrupción del Timer 0
0x00BE	0x8AF2      	BSF         INTCON, 5 
;p5b.c,44 :: 		INTCON.GIE = 1; // Se habilitan las interrupciones en general
0x00C0	0x8EF2      	BSF         INTCON, 7 
;p5b.c,46 :: 		TMR0H = (30536 >> 8);
0x00C2	0x0E77      	MOVLW       119
0x00C4	0x6ED7      	MOVWF       TMR0H 
;p5b.c,47 :: 		TMR0L = 30536; //se carga el valor inicial (alfa) del contador
0x00C6	0x0E48      	MOVLW       72
0x00C8	0x6ED6      	MOVWF       TMR0L 
;p5b.c,49 :: 		while(1) {
L_main13:
;p5b.c,51 :: 		}
0x00CA	0xD7FF      	BRA         L_main13
;p5b.c,52 :: 		}
L_end_main:
0x00CC	0xD7FF      	BRA         $+0
; end of _main
Symbol List:
//** Routines locations **
//ADDRESS    SIZE    PROCEDURE
//----------------------------------------------
0x0008     [142]    _interrupt
0x0096      [16]    ___CC2DW
0x00A6      [40]    _main
//** Variables locations ** 
//ADDRESS    SIZE    VARIABLE
//----------------------------------------------
0x0000       [1]    R0
0x0001       [1]    R1
0x0002       [1]    R2
0x0003       [1]    R3
0x0004       [1]    R4
0x0005       [1]    R5
0x0006       [1]    R6
0x0007       [1]    R7
0x0008       [1]    R8
0x0009       [1]    R9
0x000A       [1]    R10
0x000B       [1]    R11
0x000C       [1]    R12
0x000D       [1]    R13
0x000E       [1]    R14
0x000F       [1]    R15
0x0010       [1]    R16
0x0011       [1]    R17
0x0012       [1]    R18
0x0013       [1]    R19
0x0014       [1]    R20
0x0016       [2]    _m
0x0018       [2]    _Q
0x0F80       [1]    PORTA
0x0F81       [1]    PORTB
0x0F92       [1]    TRISA
0x0FC1       [1]    ADCON1
0x0FD5       [1]    T0CON
0x0FD6       [1]    TMR0L
0x0FD7       [1]    TMR0H
0x0FD8       [1]    STATUS
0x0FD9       [1]    FSR2L
0x0FDA       [1]    FSR2H
0x0FDE       [1]    POSTINC2
0x0FE0       [1]    BSR
0x0FE1       [1]    FSR1L
0x0FE2       [1]    FSR1H
0x0FE4       [1]    PREINC1
0x0FE6       [1]    POSTINC1
0x0FE7       [1]    INDF1
0x0FE8       [1]    WREG
0x0FE9       [1]    FSR0L
0x0FEA       [1]    FSR0H
0x0FEE       [1]    POSTINC0
0x0FF2       [1]    INTCON
0x0FF3       [1]    PRODL
0x0FF4       [1]    PRODH
0x0FF5       [1]    TABLAT
0x0FF6       [1]    TBLPTRL
0x0FF7       [1]    TBLPTRH
0x0FF8       [1]    TBLPTRU
